INFO: [HLS 200-0] Workspace D:/Vivado/final_conv2d/solution2 opened at Wed Dec 18 14:00:31 +0700 2024
Execute     config_clock -quiet -name default -period 10 -default=false 
INFO: [SYN 201-201] Setting up clock 'default' with a period of 10ns.
Command     config_clock returned 0; 0 sec.
Execute     open_platform DefaultPlatform 
Command     open_platform returned 0; 0 sec.
Execute     import_lib D:/Vivado/2018.1/common/technology/xilinx/zynq/zynq 
Execute       source D:/Vivado/2018.1/common/technology/xilinx/common/xilinx.lib 
Execute         source D:/Vivado/2018.1/common/technology/xilinx/interface/xilinx_interface.lib 
Execute           source D:/Vivado/2018.1/common/technology/xilinx/interface/plb46.lib 
Command           ap_source returned 0; 0.001 sec.
Execute           source D:/Vivado/2018.1/common/technology/xilinx/interface/fsl.lib 
Command           ap_source returned 0; 0 sec.
Execute           source D:/Vivado/2018.1/common/technology/xilinx/interface/axi4.lib 
Command           ap_source returned 0; 0 sec.
Execute           source D:/Vivado/2018.1/common/technology/xilinx/interface/maxi.lib 
Command           ap_source returned 0; 0 sec.
Execute           source D:/Vivado/2018.1/common/technology/xilinx/interface/saxilite.lib 
Command           ap_source returned 0; 0 sec.
Command         ap_source returned 0; 0.001 sec.
Execute         source D:/Vivado/2018.1/common/technology/xilinx/common/dsp48.lib 
Command         ap_source returned 0; 0.001 sec.
Execute         source D:/Vivado/2018.1/common/technology/xilinx/ip/dds_compiler.lib 
Command         ap_source returned 0; 0 sec.
Execute         source D:/Vivado/2018.1/common/technology/xilinx/ip/xfft.lib 
Command         ap_source returned 0; 0 sec.
Execute         source D:/Vivado/2018.1/common/technology/xilinx/ip/xfir.lib 
Command         ap_source returned 0; 0 sec.
Command       ap_source returned 0; 0.004 sec.
Execute       source D:/Vivado/2018.1/common/technology/xilinx/common/xilinx_old.lib 
Command       ap_source returned 0; 0.001 sec.
Execute       source D:/Vivado/2018.1/common/technology/xilinx/common/xilinx_vivado.lib 
Command       ap_source returned 0; 0.001 sec.
Execute       source D:/Vivado/2018.1/common/technology/xilinx/common/xilinx.hlp 
Execute         source D:/Vivado/2018.1/common/technology/xilinx/common/target_info.tcl 
Command         ap_source returned 0; 0 sec.
Execute         source D:/Vivado/2018.1/common/technology/xilinx/interface/xilinx_interface.hlp 
Execute           source D:/Vivado/2018.1/common/technology/xilinx/interface/maxi.hlp 
Command           ap_source returned 0; 0 sec.
Execute           source D:/Vivado/2018.1/common/technology/xilinx/interface/saxilite.hlp 
Command           ap_source returned 0; 0 sec.
Command         ap_source returned 0; 0.001 sec.
Execute         source D:/Vivado/2018.1/common/technology/xilinx/common/dsp48.hlp 
Command         ap_source returned 0; 0.001 sec.
Command       ap_source returned 0; 0.004 sec.
Execute       source D:/Vivado/2018.1/common/technology/xilinx/zynq/dsp48e1.hlp 
Command       ap_source returned 0; 0 sec.
Execute       get_default_platform 
Command       get_default_platform returned 0; 0 sec.
Execute       config_chip_info -quiet -resource  {SLICE 13300}  {LUT 53200}     {FF 106400} {DSP48E 220}   {BRAM 280}  
Command       config_chip_info returned 0; 0 sec.
Execute       config_chip_info -quiet -speed medium 
Command       config_chip_info returned 0; 0 sec.
Execute       source D:/Vivado/2018.1/common/technology/xilinx/common/xilinx.hlp 
Execute         source D:/Vivado/2018.1/common/technology/xilinx/common/target_info.tcl 
Command         ap_source returned 0; 0.001 sec.
Execute         source D:/Vivado/2018.1/common/technology/xilinx/interface/xilinx_interface.hlp 
Execute           source D:/Vivado/2018.1/common/technology/xilinx/interface/maxi.hlp 
Command           ap_source returned 0; 0 sec.
Execute           source D:/Vivado/2018.1/common/technology/xilinx/interface/saxilite.hlp 
Command           ap_source returned 0; 0 sec.
Command         ap_source returned 0; 0 sec.
Execute         source D:/Vivado/2018.1/common/technology/xilinx/common/dsp48.hlp 
Command         ap_source returned 0; 0.001 sec.
Command       ap_source returned 0; 0.005 sec.
Command     import_lib returned 0; 0.017 sec.
Execute     source D:/Vivado/2018.1/common/technology/xilinx/zynq/zynq.gen 
Execute       source D:/Vivado/2018.1/common/technology/xilinx/common/virtex.gen 
Execute         source D:/Vivado/2018.1/common/technology/xilinx/common/xilinx.gen 
Execute           source D:/Vivado/2018.1/common/technology/xilinx/interface/plb46.gen 
Command           ap_source returned 0; 0.002 sec.
Execute           source D:/Vivado/2018.1/common/technology/xilinx/interface/fsl.gen 
Command           ap_source returned 0; 0 sec.
Execute           source D:/Vivado/2018.1/common/technology/xilinx/interface/axi4.gen 
Command           ap_source returned 0; 0.002 sec.
Execute           source D:/Vivado/2018.1/common/technology/xilinx/interface/nativeAXI4.gen 
Execute             source D:/Vivado/2018.1/common/technology/xilinx/interface/saxilite.gen 
Command             ap_source returned 0; 0.004 sec.
Execute             source D:/Vivado/2018.1/common/technology/xilinx/interface/maxi.gen 
Command             ap_source returned 0; 0.007 sec.
Command           ap_source returned 0; 0.012 sec.
Execute           source D:/Vivado/2018.1/common/technology/xilinx/scripts/xilinxcoregen.gen 
Command           ap_source returned 0; 0.01 sec.
Execute           source D:/Vivado/2018.1/common/technology/xilinx/interface/XilEDKCoreGen.gen 
Command           ap_source returned 0; 0.01 sec.
Execute           source D:/Vivado/2018.1/common/technology/xilinx/ip/dds_compiler.gen 
Command           ap_source returned 0; 0.003 sec.
Execute           source D:/Vivado/2018.1/common/technology/xilinx/ip/util.gen 
Command           ap_source returned 0; 0.001 sec.
Execute           source D:/Vivado/2018.1/common/technology/xilinx/ip/xfft.gen 
Command           ap_source returned 0; 0.102 sec.
Execute           source D:/Vivado/2018.1/common/technology/xilinx/ip/xfir.gen 
Command           ap_source returned 0; 0.001 sec.
Command         ap_source returned 0; 0.145 sec.
Execute         source D:/Vivado/2018.1/common/technology/xilinx/common/dsp48.gen 
Command         ap_source returned 0; 0.001 sec.
Command       ap_source returned 0; 0.148 sec.
Command     ap_source returned 0; 0.148 sec.
Execute     open_platform DefaultPlatform 
Command     open_platform returned 0; 0 sec.
Execute     import_lib D:/Vivado/2018.1/common/technology/xilinx/zynq/zynq_fpv6 
Execute       source D:/Vivado/2018.1/common/technology/xilinx/common/xilinx_fpv7.lib 
Execute         source D:/Vivado/2018.1/common/technology/xilinx/common/xilinx_hp.lib 
Command         ap_source returned 0; 0.001 sec.
Command       ap_source returned 0; 0.004 sec.
Execute       source D:/Vivado/2018.1/common/technology/xilinx/common/xilinx_fpv.hlp 
Execute         source D:/Vivado/2018.1/common/technology/xilinx/common/xilinx.hlp 
Execute           source D:/Vivado/2018.1/common/technology/xilinx/common/target_info.tcl 
Command           ap_source returned 0; 0.001 sec.
Execute           source D:/Vivado/2018.1/common/technology/xilinx/interface/xilinx_interface.hlp 
Execute             source D:/Vivado/2018.1/common/technology/xilinx/interface/maxi.hlp 
Command             ap_source returned 0; 0 sec.
Execute             source D:/Vivado/2018.1/common/technology/xilinx/interface/saxilite.hlp 
Command             ap_source returned 0; 0 sec.
Command           ap_source returned 0; 0 sec.
Execute           source D:/Vivado/2018.1/common/technology/xilinx/common/dsp48.hlp 
Command           ap_source returned 0; 0.001 sec.
Command         ap_source returned 0; 0.005 sec.
Command       ap_source returned 0; 0.005 sec.
Execute       source D:/Vivado/2018.1/common/technology/xilinx/zynq/zynq_hp.hlp 
Command       ap_source returned 0; 0.002 sec.
Command     import_lib returned 0; 0.02 sec.
Execute     source D:/Vivado/2018.1/common/technology/xilinx/zynq/zynq_fpv6.gen 
Execute       source D:/Vivado/2018.1/common/technology/xilinx/common/xilinx_fpv6.gen 
Command       ap_source returned 0; 0.002 sec.
Command     ap_source returned 0; 0.002 sec.
Execute     set_part xc7z020clg484-1 
Execute       add_library xilinx/zynq/zynq:xc7z020:clg484:-1 
Execute         get_default_platform 
Command         get_default_platform returned 0; 0 sec.
Execute         license_isbetapart xc7z020 
Command         license_isbetapart returned 1; 0.008 sec.
Execute         get_default_platform 
Command         get_default_platform returned 0; 0 sec.
Execute         config_chip_info -quiet -resource  {SLICE 13300}  {LUT 53200}     {FF 106400} {DSP48E 220}   {BRAM 280}  
Command         config_chip_info returned 0; 0 sec.
Execute         config_chip_info -quiet -speed slow 
Command         config_chip_info returned 0; 0 sec.
Command       add_library returned 0; 0.023 sec.
Execute       add_library xilinx/zynq/zynq_fpv6 
Execute         get_default_platform 
Command         get_default_platform returned 0; 0 sec.
Command       add_library returned 0; 0.011 sec.
INFO: [HLS 200-10] Setting target device to 'xc7z020clg484-1'
Execute       get_default_platform 
Command       get_default_platform returned 0; 0 sec.
Command     set_part returned 0; 0.067 sec.
Execute     get_default_platform 
Command     get_default_platform returned 0; 0 sec.
Execute     config_chip_info -quiet -resource  {SLICE 13300}  {LUT 53200}     {FF 106400} {DSP48E 220}   {BRAM 280}  
Command     config_chip_info returned 0; 0 sec.
Execute     config_chip_info -quiet -speed slow 
Command     config_chip_info returned 0; 0 sec.
Command   open_solution returned 0; 0.296 sec.
Execute   set_part xc7z020clg484-1 -tool vivado 
Execute     add_library xilinx/zynq/zynq:xc7z020:clg484:-1 
Execute       get_default_platform 
Command       get_default_platform returned 0; 0 sec.
Execute       license_isbetapart xc7z020 
Command       license_isbetapart returned 1; 0 sec.
Execute       get_default_platform 
Command       get_default_platform returned 0; 0 sec.
Execute       config_chip_info -quiet -resource  {SLICE 13300}  {LUT 53200}     {FF 106400} {DSP48E 220}   {BRAM 280}  
Command       config_chip_info returned 0; 0 sec.
Execute       config_chip_info -quiet -speed slow 
Command       config_chip_info returned 0; 0 sec.
Command     add_library returned 0; 0.011 sec.
Execute     add_library xilinx/zynq/zynq_fpv6 
Execute       get_default_platform 
Command       get_default_platform returned 0; 0 sec.
Command     add_library returned 0; 0.003 sec.
Execute     get_default_platform 
Command     get_default_platform returned 0; 0 sec.
Command   set_part returned 0; 0.048 sec.
Execute   create_clock -period 10 -name default 
Command   create_clock returned 0; 0.002 sec.
Execute   csynth_design 
Execute     elaborate -effort=medium -skip_syncheck=0 -keep_printf=0 -lm=0 -skip_cdt=0 -skip_transform=0 -ng=0 -g=0 -opt_fp=0 -enable_clang39=0 
INFO: [HLS 200-10] Analyzing design file 'final_conv2d/conv_v1/conv_v1.cpp' ...
INFO: [HLS 200-0] Compiling one TU...
Execute       is_m_axi_addr64 
Command       is_m_axi_addr64 returned 0; 0 sec.
INFO: [HLS 200-0] Handling final_conv2d/conv_v1/conv_v1.cpp as C++
Execute       get_default_platform 
Command       get_default_platform returned 0; 0 sec.
Execute       is_encrypted final_conv2d/conv_v1/conv_v1.cpp 
Command       is_encrypted returned 0; 0 sec.
Execute       get_default_platform 
Command       get_default_platform returned 0; 0 sec.
INFO: [HLS 200-0] Source preprocessing
Execute       clang  -fno-limit-debug-info -gcc-toolchain "D:/Vivado/2018.1/msys" -hls  -fno-exceptions  -D__llvm__  -E "final_conv2d/conv_v1/conv_v1.cpp"     -fno-math-errno -c -emit-llvm -O0  -mllvm -disable-llvm-optzns -fno-threadsafe-statics  -fno-use-cxa-atexit  -fno-threadsafe-statics -fno-use-cxa-atexit -D__CLANG_3_1__ -D__cdecl= -DAESL_SYN -D__SYNTHESIS__ -D__HLS_SYN__ -I "D:/Vivado/2018.1/common/technology/autopilot" -I "D:/Vivado/2018.1/common/technology/autopilot/ap_sysc" -include etc/autopilot_ssdm_op.h -D__DSP48E1__  -o "D:/Vivado/final_conv2d/solution2/.autopilot/db/conv_v1.pp.0.cpp" 
INFO: [HLS 200-0] exec clang -fno-limit-debug-info -gcc-toolchain D:/Vivado/2018.1/msys -hls -fno-exceptions -D__llvm__ -E final_conv2d/conv_v1/conv_v1.cpp -fno-math-errno -c -emit-llvm -O0 -mllvm -disable-llvm-optzns -fno-threadsafe-statics -fno-use-cxa-atexit -fno-threadsafe-statics -fno-use-cxa-atexit -D__CLANG_3_1__ -D__cdecl= -DAESL_SYN -D__SYNTHESIS__ -D__HLS_SYN__ -I D:/Vivado/2018.1/common/technology/autopilot -I D:/Vivado/2018.1/common/technology/autopilot/ap_sysc -include etc/autopilot_ssdm_op.h -D__DSP48E1__ -o D:/Vivado/final_conv2d/solution2/.autopilot/db/conv_v1.pp.0.cpp
Command       clang returned 0; 0.772 sec.
INFO: [HLS 200-0] Syntax Checking before pre-processing...
Execute       clang  -fno-limit-debug-info -gcc-toolchain "D:/Vivado/2018.1/msys" -hls    -fno-math-errno -c -emit-llvm -O0  -mllvm -disable-llvm-optzns -fno-threadsafe-statics  -fno-use-cxa-atexit  -fno-threadsafe-statics -fno-use-cxa-atexit -D__CLANG_3_1__ -D__cdecl= -DAESL_SYN -D__SYNTHESIS__ -D__HLS_SYN__ -I "D:/Vivado/2018.1/common/technology/autopilot" -I "D:/Vivado/2018.1/common/technology/autopilot/ap_sysc" -include etc/autopilot_ssdm_op.h -D__DSP48E1__  "D:/Vivado/final_conv2d/solution2/.autopilot/db/conv_v1.pp.0.cpp"  -o "D:/Vivado/final_conv2d/solution2/.autopilot/db/useless.bc"  
INFO: [HLS 200-0] exec clang -fno-limit-debug-info -gcc-toolchain D:/Vivado/2018.1/msys -hls -fno-math-errno -c -emit-llvm -O0 -mllvm -disable-llvm-optzns -fno-threadsafe-statics -fno-use-cxa-atexit -fno-threadsafe-statics -fno-use-cxa-atexit -D__CLANG_3_1__ -D__cdecl= -DAESL_SYN -D__SYNTHESIS__ -D__HLS_SYN__ -I D:/Vivado/2018.1/common/technology/autopilot -I D:/Vivado/2018.1/common/technology/autopilot/ap_sysc -include etc/autopilot_ssdm_op.h -D__DSP48E1__ D:/Vivado/final_conv2d/solution2/.autopilot/db/conv_v1.pp.0.cpp -o D:/Vivado/final_conv2d/solution2/.autopilot/db/useless.bc
Command       clang returned 0; 2.582 sec.
INFO: [HLS 200-0] GCC PP time: 3 seconds per iteration
Execute       list_core -type functional_unit 
Command       list_core returned 0; 0 sec.
INFO: [HLS 200-0] CDT Preprocessing...
INFO: [HLS 200-0] Marker-Pragma convertor: D:/Vivado/final_conv2d/solution2/.autopilot/db/conv_v1.pp.0.cpp D:/Vivado/final_conv2d/solution2/.autopilot/db/conv_v1.pp.0.cpp.ap-line.cpp D:/Vivado/final_conv2d/solution2/.autopilot/db/conv_v1.pp.0.cpp.ap-line.cpp.CXX 1
INFO: [HLS 200-0] Converting Markers to Pragmas...
Execute       cdt  "D:/Vivado/final_conv2d/solution2/.autopilot/db/conv_v1.pp.0.cpp.ap-line.cpp"  -m "do_convolution" -o "D:/Vivado/final_conv2d/solution2/.autopilot/db/conv_v1.pp.0.cpp.ap-cdt.cpp" --pp --directive D:/Vivado/final_conv2d/solution2/solution2.directive --source D:/Vivado/final_conv2d/conv_v1/conv_v1.cpp --error D:/Vivado/final_conv2d/solution2/.autopilot/db --funcunit "AddSub AddSub_DSP AddSubnS DAddSub_fulldsp DAddSub_nodsp DDiv DExp_fulldsp DExp_meddsp DExp_nodsp DLog_fulldsp DLog_meddsp DLog_nodsp DMul_fulldsp DMul_maxdsp DMul_meddsp DMul_nodsp DRSqrt DRecip DSP_Macro DSqrt DivnS FAddSub_fulldsp FAddSub_nodsp FDiv FExp_fulldsp FExp_meddsp FExp_nodsp FLog_fulldsp FLog_meddsp FLog_nodsp FMul_fulldsp FMul_maxdsp FMul_meddsp FMul_nodsp FRSqrt_fulldsp FRSqrt_nodsp FRecip_fulldsp FRecip_nodsp FSqrt HAddSub_fulldsp HAddSub_meddsp HAddSub_nodsp HDiv HMul_fulldsp HMul_maxdsp HMul_nodsp HSqrt Mul Mul2S Mul3S Mul4S Mul5S Mul6S Mul_LUT MulnS MuxnS" --ve --vetcl D:/Vivado/final_conv2d/solution2/.autopilot/db --ca --es --gf --pd --p2d D:/Vivado/final_conv2d/solution2/.autopilot/db --sd --scff D:/Vivado/final_conv2d/solution2/.autopilot/db/.systemc_flag --ad 
Command       cdt returned 0; 11.249 sec.
INFO: [HLS 200-0] Marker-Pragma convertor: D:/Vivado/final_conv2d/solution2/.autopilot/db/conv_v1.pp.0.cpp.ap-cdt.cpp D:/Vivado/final_conv2d/solution2/.autopilot/db/conv_v1.pragma.0.cpp D:/Vivado/final_conv2d/solution2/.autopilot/db/conv_v1.pragma.0.cpp.ap-line.CXX 0
INFO: [HLS 200-0] Converting Pragmas to Markers...
Execute       source D:/Vivado/final_conv2d/solution2/.autopilot/db/pragma.status.tcl 
Command       ap_source returned 0; 0.001 sec.
INFO: [HLS 200-0] Pragma Handling...
INFO: [HLS 200-0] Source preprocessing
Execute       clang  -fno-limit-debug-info -gcc-toolchain "D:/Vivado/2018.1/msys" -hls  -fno-exceptions  -D__llvm__  -E "D:/Vivado/final_conv2d/solution2/.autopilot/db/conv_v1.pragma.1.cpp"     -fno-math-errno -c -emit-llvm -O0  -mllvm -disable-llvm-optzns -fno-threadsafe-statics  -fno-use-cxa-atexit  -fno-threadsafe-statics -fno-use-cxa-atexit -D__CLANG_3_1__ -D__cdecl= -DAESL_SYN -D__SYNTHESIS__ -D__HLS_SYN__ -I "D:/Vivado/2018.1/common/technology/autopilot" -I "D:/Vivado/2018.1/common/technology/autopilot/ap_sysc" -include etc/autopilot_ssdm_op.h -D__DSP48E1__  -o "D:/Vivado/final_conv2d/solution2/.autopilot/db/conv_v1.pragma.2.cpp" 
INFO: [HLS 200-0] exec clang -fno-limit-debug-info -gcc-toolchain D:/Vivado/2018.1/msys -hls -fno-exceptions -D__llvm__ -E D:/Vivado/final_conv2d/solution2/.autopilot/db/conv_v1.pragma.1.cpp -fno-math-errno -c -emit-llvm -O0 -mllvm -disable-llvm-optzns -fno-threadsafe-statics -fno-use-cxa-atexit -fno-threadsafe-statics -fno-use-cxa-atexit -D__CLANG_3_1__ -D__cdecl= -DAESL_SYN -D__SYNTHESIS__ -D__HLS_SYN__ -I D:/Vivado/2018.1/common/technology/autopilot -I D:/Vivado/2018.1/common/technology/autopilot/ap_sysc -include etc/autopilot_ssdm_op.h -D__DSP48E1__ -o D:/Vivado/final_conv2d/solution2/.autopilot/db/conv_v1.pragma.2.cpp
Command       clang returned 0; 0.748 sec.
Execute       get_default_platform 
Command       get_default_platform returned 0; 0 sec.
INFO: [HLS 200-0] Processing labels
Execute       clang  -fno-limit-debug-info -gcc-toolchain D:/Vivado/2018.1/msys -hls -hls-analyze-label -hls-analyze-pragma -fno-exceptions  -D__llvm__  -w  "D:/Vivado/final_conv2d/solution2/.autopilot/db/conv_v1.pragma.2.cpp"    -fno-math-errno -c -emit-llvm -O0  -mllvm -disable-llvm-optzns -fno-threadsafe-statics  -fno-use-cxa-atexit -DAESL_SYN -D__SYNTHESIS__ -D__HLS_SYN__ -I "D:/Vivado/2018.1/common/technology/autopilot" -I "D:/Vivado/2018.1/common/technology/autopilot/ap_sysc" -include etc/autopilot_ssdm_op.h -D__DSP48E1__ -g -o "D:/Vivado/final_conv2d/solution2/.autopilot/db/conv_v1.g.bc" 
INFO: [HLS 200-0] exec clang -fno-limit-debug-info -gcc-toolchain D:/Vivado/2018.1/msys -hls -hls-analyze-label -hls-analyze-pragma -fno-exceptions -D__llvm__ -w D:/Vivado/final_conv2d/solution2/.autopilot/db/conv_v1.pragma.2.cpp -fno-math-errno -c -emit-llvm -O0 -mllvm -disable-llvm-optzns -fno-threadsafe-statics -fno-use-cxa-atexit -DAESL_SYN -D__SYNTHESIS__ -D__HLS_SYN__ -I D:/Vivado/2018.1/common/technology/autopilot -I D:/Vivado/2018.1/common/technology/autopilot/ap_sysc -include etc/autopilot_ssdm_op.h -D__DSP48E1__ -g -o D:/Vivado/final_conv2d/solution2/.autopilot/db/conv_v1.g.bc
Command       clang returned 0; 2.833 sec.
Execute       source D:/Vivado/final_conv2d/solution2/.autopilot/db/ve_warning.tcl 
Command       ap_source returned 0; 0.001 sec.
INFO: [HLS 200-10] Validating synthesis directives ...
Execute       source D:/Vivado/final_conv2d/solution2/.autopilot/db/pragma.status.tcl 
Command       ap_source returned 0; 0.001 sec.
WARNING: [HLS 200-40] Directive 'RESOURCE' for core 'ROM_1P_LUTRAM' cannot be applied: Variable 'second_order_float::cos_K1' can not be recognized(UNKNOWN VARIABLE) in 'sincos_approximation'.
WARNING: [HLS 200-40] Directive 'RESOURCE' for core 'ROM_1P_LUTRAM' cannot be applied: Variable 'first_order_fixed_16::sin_cos_K1' can not be recognized(UNKNOWN VARIABLE) in 'sin_or_cos_approximation'.
WARNING: [HLS 200-40] Directive 'RESOURCE' for core 'ROM_1P_LUTRAM' cannot be applied: Variable 'fourth_order_double::cos_K2' can not be recognized(UNKNOWN VARIABLE) in 'sincos_approximation'.
WARNING: [HLS 200-40] Directive 'RESOURCE' for core 'ROM_1P_LUTRAM' cannot be applied: Variable 'fourth_order_double::sin_cos_K1' can not be recognized(UNKNOWN VARIABLE) in 'sin_or_cos_approximation'.
WARNING: [HLS 200-40] Directive 'RESOURCE' for core 'ROM_1P_LUTRAM' cannot be applied: Variable 'fourth_order_double::cos_K4' can not be recognized(UNKNOWN VARIABLE) in 'sincos_approximation'.
WARNING: [HLS 200-40] Directive 'RESOURCE' for core 'ROM_1P_LUTRAM' cannot be applied: Variable 'first_order_fixed_16::sin_cos_K0' can not be recognized(UNKNOWN VARIABLE) in 'sin_or_cos_approximation'.
WARNING: [HLS 200-40] Directive 'RESOURCE' for core 'ROM_1P_LUTRAM' cannot be applied: Variable 'second_order_float::sin_K1' can not be recognized(UNKNOWN VARIABLE) in 'sincos_approximation'.
WARNING: [HLS 200-40] Directive 'RESOURCE' for core 'ROM_1P_LUTRAM' cannot be applied: Variable 'fourth_order_double::sin_K4' can not be recognized(UNKNOWN VARIABLE) in 'sincos_approximation'.
WARNING: [HLS 200-40] Directive 'RESOURCE' for core 'ROM_1P_LUTRAM' cannot be applied: Variable 'fourth_order_double::sin_K3' can not be recognized(UNKNOWN VARIABLE) in 'sincos_approximation'.
WARNING: [HLS 200-40] Directive 'RESOURCE' for core 'ROM_1P_LUTRAM' cannot be applied: Variable 'fourth_order_double::cos_K0' can not be recognized(UNKNOWN VARIABLE) in 'sincos_approximation'.
WARNING: [HLS 200-40] Directive 'RESOURCE' for core 'ROM_1P_LUTRAM' cannot be applied: Variable 'fourth_order_double::sin_cos_K3' can not be recognized(UNKNOWN VARIABLE) in 'sin_or_cos_approximation'.
WARNING: [HLS 200-40] Directive 'RESOURCE' for core 'ROM_1P_LUTRAM' cannot be applied: Variable 'fourth_order_double::cos_K3' can not be recognized(UNKNOWN VARIABLE) in 'sincos_approximation'.
WARNING: [HLS 200-40] Directive 'RESOURCE' for core 'ROM_1P_LUTRAM' cannot be applied: Variable 'fourth_order_double::sin_K1' can not be recognized(UNKNOWN VARIABLE) in 'sincos_approximation'.
WARNING: [HLS 200-40] Directive 'RESOURCE' for core 'ROM_1P_LUTRAM' cannot be applied: Variable 'fourth_order_double::sin_cos_K2' can not be recognized(UNKNOWN VARIABLE) in 'sin_or_cos_approximation'.
WARNING: [HLS 200-40] Directive 'RESOURCE' for core 'ROM_1P_LUTRAM' cannot be applied: Variable 'second_order_float::cos_K2' can not be recognized(UNKNOWN VARIABLE) in 'sincos_approximation'.
WARNING: [HLS 200-40] Directive 'RESOURCE' for core 'ROM_1P_LUTRAM' cannot be applied: Variable 'fourth_order_double::cos_K1' can not be recognized(UNKNOWN VARIABLE) in 'sincos_approximation'.
WARNING: [HLS 200-40] Directive 'RESOURCE' for core 'ROM_1P_LUTRAM' cannot be applied: Variable 'fourth_order_double::sin_K0' can not be recognized(UNKNOWN VARIABLE) in 'sincos_approximation'.
WARNING: [HLS 200-40] Directive 'RESOURCE' for core 'ROM_1P_LUTRAM' cannot be applied: Variable 'second_order_float::sin_K2' can not be recognized(UNKNOWN VARIABLE) in 'sincos_approximation'.
WARNING: [HLS 200-40] Directive 'RESOURCE' for core 'ROM_1P_LUTRAM' cannot be applied: Variable 'second_order_float::sin_K0' can not be recognized(UNKNOWN VARIABLE) in 'sincos_approximation'.
WARNING: [HLS 200-40] Directive 'RESOURCE' for core 'ROM_1P_LUTRAM' cannot be applied: Variable 'second_order_float::sin_cos_K1' can not be recognized(UNKNOWN VARIABLE) in 'sin_or_cos_approximation'.
WARNING: [HLS 200-40] Directive 'RESOURCE' for core 'ROM_1P_LUTRAM' cannot be applied: Variable 'second_order_float::sin_cos_K2' can not be recognized(UNKNOWN VARIABLE) in 'sin_or_cos_approximation'.
WARNING: [HLS 200-40] Directive 'RESOURCE' for core 'ROM_1P_LUTRAM' cannot be applied: Variable 'fourth_order_double::sin_cos_K0' can not be recognized(UNKNOWN VARIABLE) in 'sin_or_cos_approximation'.
WARNING: [HLS 200-40] Directive 'RESOURCE' for core 'ROM_1P_LUTRAM' cannot be applied: Variable 'fourth_order_double::sin_K2' can not be recognized(UNKNOWN VARIABLE) in 'sincos_approximation'.
WARNING: [HLS 200-40] Directive 'RESOURCE' for core 'ROM_1P_LUTRAM' cannot be applied: Variable 'second_order_float::sin_cos_K0' can not be recognized(UNKNOWN VARIABLE) in 'sin_or_cos_approximation'.
WARNING: [HLS 200-40] Directive 'RESOURCE' for core 'ROM_1P_LUTRAM' cannot be applied: Variable 'second_order_float::cos_K0' can not be recognized(UNKNOWN VARIABLE) in 'sincos_approximation'.
WARNING: [HLS 200-40] Directive 'RESOURCE' for core 'ROM_1P_LUTRAM' cannot be applied: Variable 'fourth_order_double::sin_cos_K4' can not be recognized(UNKNOWN VARIABLE) in 'sin_or_cos_approximation'.
INFO: [HLS 200-111] Finished Checking Pragmas Time (s): cpu = 00:00:02 ; elapsed = 00:00:21 . Memory (MB): peak = 101.570 ; gain = 44.961
INFO: [HLS 200-0] Linking Release ...
Execute       llvm-ld D:/Vivado/final_conv2d/solution2/.autopilot/db/conv_v1.bc -hls-opt -except-internalize do_convolution -LD:/Vivado/2018.1/win64/lib -lm_basic -lhlsmc++ -lhlsm -o D:/Vivado/final_conv2d/solution2/.autopilot/db/a.o 
Command       llvm-ld returned 0; 1.79 sec.
Execute       disassemble D:/Vivado/final_conv2d/solution2/.autopilot/db/a.o D:/Vivado/final_conv2d/solution2/.autopilot/db/a.o 
Execute         is_encrypted D:/Vivado/final_conv2d/solution2/.autopilot/db/a.o.bc 
Command         is_encrypted returned 0; 0 sec.
Command       disassemble returned 0; 0.123 sec.
INFO: [HLS 200-0] Disassemble time: 0 seconds per iteration
INFO: [HLS 200-0] Linking Debug ...
Execute       llvm-ld D:/Vivado/final_conv2d/solution2/.autopilot/db/conv_v1.g.bc -hls-opt -except-internalize do_convolution -LD:/Vivado/2018.1/win64/lib -lm_basic -lhlsmc++ -lhlsm -o D:/Vivado/final_conv2d/solution2/.autopilot/db/a.g 
Command       llvm-ld returned 0; 1.137 sec.
INFO: [HLS 200-0] Disassemble time: 0 seconds per iteration
INFO: [HLS 200-111] Finished Linking Time (s): cpu = 00:00:02 ; elapsed = 00:00:24 . Memory (MB): peak = 101.590 ; gain = 44.980
Execute       ::config_rtl 
Command       config_rtl returned 0; 0.001 sec.
Execute       opt_and_import_c a -opt_level=2 -skip_syncheck=0 -ng=0 -keep_printf=0 -enable_clang39=0 
Execute         cleanup_all_models 
Command         cleanup_all_models returned 0; 0 sec.
INFO: [HLS 200-10] Starting code transformations ...
Execute         transform -promote-dbg-pointer D:/Vivado/final_conv2d/solution2/.autopilot/db/a.pp.bc -o D:/Vivado/final_conv2d/solution2/.autopilot/db/a.pp.0.bc -f 
Command         transform returned 0; 0.094 sec.
Execute         llvm-ld D:/Vivado/final_conv2d/solution2/.autopilot/db/a.pp.0.bc -disable-opt -LD:/Vivado/2018.1/win64/lib -lfloatconversion -o D:/Vivado/final_conv2d/solution2/.autopilot/db/a.g.0 
Command         llvm-ld returned 0; 0.4 sec.
INFO: [HLS 200-0] Running Standard Transforms...
Execute         transform -hls -share-std-xform -demangle-name -inline-byval-memcpy -always-inline -promote-dbg-pointer -interface-preproc -scalarrepl -mem2reg -keep-read-access -instcombine -dce -promote-dbg-pointer -bitop-raise -loop-simplify -indvarspre -indvars -loop-simplify -xunroll -constprop -instcombine -simplifycfg -indvars -simplifycfg -dce -globaldce -basicaa -simplifycfg -mem2reg -globalopt -global-constprop -deadargelim -instcombine -simplifycfg -prune-eh -simplifycfg -scalarrepl -instcombine -reassociate -licm -simplifycfg -loop-simplify -indvars -instcombine -simplifycfg -mem2reg -loop-simplify -indvars -instcombine -gvn -gvn -instcombine -adce -break-crit-edges -simplifycfg -loop-delete -global-array-opt -dce -dse -adce -find-syn-modules -top do_convolution -deadargelim -mem2reg -instcombine -dce -presyn-prepare -auto-rom-infer -interface-preproc -syn-check -check-rec-only -find-region -simplifycfg -func-extr -function-inline -globaldce -mem2reg -instcombine -dce -gvn -globaldce -adce -adse -constprop -instcombine -bit-constprop -instcombine -dce -simplifycfg -bitop-raise -simplifycfg -dce -loop-delete -reassociate -globalopt -global-privatize -mem2reg -dce -global-constprop -pointer-simplify -constprop -dce -func-inst -deadargelim -auto-shift-reg-idiom -promote-dbg-pointer -norm-name D:/Vivado/final_conv2d/solution2/.autopilot/db/a.g.0.bc -o D:/Vivado/final_conv2d/solution2/.autopilot/db/a.g.1.bc -f -phase std-opt 
Command         transform returned 0; 0.082 sec.
Execute         disassemble D:/Vivado/final_conv2d/solution2/.autopilot/db/a.g.1 D:/Vivado/final_conv2d/solution2/.autopilot/db/a.g.1 
Execute           is_encrypted D:/Vivado/final_conv2d/solution2/.autopilot/db/a.g.1.bc 
Command           is_encrypted returned 0; 0.011 sec.
Command         disassemble returned 0; 0.107 sec.
INFO: [HLS 200-111] Finished Standard Transforms Time (s): cpu = 00:00:02 ; elapsed = 00:00:25 . Memory (MB): peak = 118.016 ; gain = 61.406
INFO: [HLS 200-10] Checking synthesizability ...
INFO: [HLS 200-0] Checking Synthesizability 1/2..
Execute         transform -hls -syn-check -check-rec-only -disaggr -scalarrepl -norm-name -dce -mem2reg -instcombine -function-uniquify -directive-preproc -mem2reg -dse -dce -auto-rom-infer -dce -array-normalize -instcombine -dce -warn-fifo-pointer -array-seg-normalize -instcombine -dce -array-flatten -instcombine -dce -array-burst -dce -deadargelim -promote-global-argument -simplifycfg -mem2reg -globaldce -resolve-double-ptr -dce -deadargelim -dce -instcombine -function-inline -globaldce -dce -doublePtrSimplify -doublePtrElim -dce -doublePtrSimplify -promote-dbg-pointer -dce -scalarrepl -dse -adse -instcombine -ptrLegalization -simplifycfg -dce -instcombine -pointer-simplify -ptrArgReplace -dce -instcombine -disaggr -scalarrepl -norm-name -dce -mem2reg -instcombine -ptrLegalization -simplifycfg -deadargelim -instcombine -dce -inst-simplify -function-uniquify -directive-preproc -mem2reg -dse -dce -globaldce D:/Vivado/final_conv2d/solution2/.autopilot/db/a.g.1.bc -o D:/Vivado/final_conv2d/solution2/.autopilot/db/a.g.2.prechk.bc -f 
INFO: [XFORM 203-602] Inlining function 'bounds_ok' into 'sumWindow' (final_conv2d/conv_v1/conv_v1.cpp:17) automatically.
INFO: [XFORM 203-602] Inlining function 'bounds_ok' into 'do_convolution' (final_conv2d/conv_v1/conv_v1.cpp:42) automatically.
Command         transform returned 0; 0.091 sec.
INFO: [HLS 200-0] Checking Synthesizability 2/2..
Execute         transform -syn-check D:/Vivado/final_conv2d/solution2/.autopilot/db/a.g.2.prechk.bc -o D:/Vivado/final_conv2d/solution2/.autopilot/db/a.g.2.bc -f -phase syn-check 
Command         transform returned 0; 0.06 sec.
INFO: [HLS 200-111] Finished Checking Synthesizability Time (s): cpu = 00:00:03 ; elapsed = 00:00:25 . Memory (MB): peak = 127.625 ; gain = 71.016
INFO: [HLS 200-0] Compiler optimizing ...
INFO: [HLS 200-0] Share syncheck's 1.bc for syn flow: copy D:/Vivado/final_conv2d/solution2/.autopilot/db/a.g.1.bc to D:/Vivado/final_conv2d/solution2/.autopilot/db/a.o.1.bc
INFO: [HLS 200-0] Presyn 1...
Execute         transform -hls -tmp D:/Vivado/final_conv2d/solution2/.autopilot/db -interface-port-rename -type-info -function-uniquify -directive-preproc -mem2reg -dse -dce -disaggr -scalarrepl -norm-name -deadargelim -mem2reg -instcombine -dce -simplifycfg -auto-rom-infer -dce -function-uniquify -resource-proc -simplifycfg -mem2reg -globaldce -resolve-double-ptr -dce -deadargelim -dce -instcombine -clib-intrinsic-prepare -dce -func-buffer -dce -array-normalize -func-legal -instcombine -gvn -constprop -dce -ptrArgReplace -mem2reg -instcombine -dce -array-seg-normalize -deadargelim -instcombine -dce -pointer-simplify -dce -port-alignment -dce -interface-preproc -data-pack -instcombine -dce -basicaa -aggr-aa -aggrmodref-aa -aggr-aa -gvn -gvn -basicaa -aggr-aa -aggrmodref-aa -aggr-aa -dse -adse -adce -loop-simplify -indvars -instcombine -gvn -loop-simplify -mem2reg -dce -find-region -instcombine -auto-loop-pipeline -inst-simplify -interface-preproc -cfgopt -instcombine -indvars -auto-loop-unroll -loop-simplify -loop-bound -xunroll -constprop -instcombine -simplifycfg -indvars -simplifycfg -dce -globaldce -clean-region -attach-range -gvn -inst-simplify -constprop -simplifycfg -dce -pointer-simplify -dce -globalopt -constprop -dce -array-promote -constprop -instcombine -dce -ptrArgReplace -mem2reg -instcombine -simplifycfg -dce -auto-par -instcombine -dce -array-transform-check -array-reshape -instcombine -simplifycfg -dce -ptrArgReplace -deadargelim -mem2reg -instcombine -simplifycfg -dce -indvars -loop-simplify -loop-bound -xunroll -constprop -instcombine -simplifycfg -indvars -simplifycfg -dce -globaldce -duplicate-dataflow-processes -globaldce -instcombine -array-partition -instcombine -simplifycfg -dce -ptrArgReplace -global-constprop -deadargelim -mem2reg -func-legal -instcombine -dce -global-constprop -deadargelim -mem2reg -instcombine -simplifycfg -dce -merge-param -deadargelim -globalopt -constprop -dce -array-promote -constprop -instcombine -dce -ptrArgReplace -mem2reg -instcombine -simplifycfg -dce -mem-intrinsic-preproc -dce -global-privatize -mem2reg -globaldce -promote-global-argument -ptrArgReplace -mem2reg -instcombine -dce -globalopt -mergereturn -simplify-global-access -mem2reg -dce -pointer-simplify -dce -functionattrs -basicaa -aggr-aa -aggrmodref-aa -aggr-aa -gvn -gvn -basicaa -aggr-aa -aggrmodref-aa -aggr-aa -dse -adse -adce -inst-simplify -dce -norm-name -function-inline -globaldce -func-inst -constprop -instcombine -simplifycfg -dce -func-legal -dce -loop-bound -arraycheck -bitwidthmin -on-by-dataflow -loop-delete -instcombine -simplifycfg -globaldce -dce -gvn -deadargelim -dce -loop-simplify -clean-region -simplifycfg -propagate-stable-arguments -loop-stream -instcombine -simplifycfg -dce -globaldce -duplicate-dataflow-processes -stream-intrinsic-preproc -dce -check-ap-stream -loop-simplify -eliminate-keepreads -extract-dataflow-in-loop -loop-simplify -dce -gvn -deadargelim -dse -check-dataflow-syntax -legalize-stream-variable -legalize-global -extract-subproc -dce -dead-channel-elimination -canonicalize-gep -globaldce -dce -gvn -deadargelim -annotate-dataflow-channels -scalar-propagation -deadargelim -globaldce -mem2reg -check-dataflow-channels -function-stream -dce -globaldce -prop-fifo-spec -internal-stream-gen -canonicalize-gep -globaldce -dce -gvn -deadargelim -mergereturn -indvars -loop-simplify -instcombine -array-stream -array-seg-normalize -array-partition -func-legal -instcombine -simplifycfg -dce -bundle-memfifo-ops -deadargelim -function-uniquify -directive-preproc -mem2reg -dse -dce -group-axi-access -licm -simplifycfg -dce -loop-delete -norm-name D:/Vivado/final_conv2d/solution2/.autopilot/db/a.o.1.bc -o D:/Vivado/final_conv2d/solution2/.autopilot/db/a.o.1.tmp.bc -f 
INFO: [XFORM 203-502] Unrolling all sub-loops inside loop 'for_x' (final_conv2d/conv_v1/conv_v1.cpp:36) in function 'do_convolution' for pipelining.
INFO: [XFORM 203-502] Unrolling all loops for pipelining in function 'sumWindow' (final_conv2d/conv_v1/conv_v1.cpp:10).
INFO: [XFORM 203-501] Unrolling loop 'load_i' (final_conv2d/conv_v1/conv_v1.cpp:41) in function 'do_convolution' completely.
INFO: [XFORM 203-501] Unrolling loop 'load_j' (final_conv2d/conv_v1/conv_v1.cpp:42) in function 'do_convolution' completely.
INFO: [XFORM 203-501] Unrolling loop 'win_i' (final_conv2d/conv_v1/conv_v1.cpp:16) in function 'sumWindow' completely.
INFO: [XFORM 203-501] Unrolling loop 'win_j' (final_conv2d/conv_v1/conv_v1.cpp:17) in function 'sumWindow' completely.
INFO: [XFORM 203-101] Partitioning array 'window' (final_conv2d/conv_v1/conv_v1.cpp:28) in dimension 1 completely.
INFO: [XFORM 203-102] Automatically partitioning small array 'window.0' (final_conv2d/conv_v1/conv_v1.cpp:28) completely based on array size.
INFO: [XFORM 203-102] Automatically partitioning small array 'window.1' (final_conv2d/conv_v1/conv_v1.cpp:28) completely based on array size.
INFO: [XFORM 203-102] Automatically partitioning small array 'window.2' (final_conv2d/conv_v1/conv_v1.cpp:28) completely based on array size.
INFO: [XFORM 203-101] Partitioning array 'window.0' (final_conv2d/conv_v1/conv_v1.cpp:28) in dimension 1 completely.
INFO: [XFORM 203-101] Partitioning array 'window.1' (final_conv2d/conv_v1/conv_v1.cpp:28) in dimension 1 completely.
INFO: [XFORM 203-101] Partitioning array 'window.2' (final_conv2d/conv_v1/conv_v1.cpp:28) in dimension 1 completely.
INFO: [XFORM 203-602] Inlining function 'bounds_ok' into 'sumWindow' (final_conv2d/conv_v1/conv_v1.cpp:17) automatically.
INFO: [XFORM 203-602] Inlining function 'bounds_ok' into 'do_convolution' (final_conv2d/conv_v1/conv_v1.cpp:42) automatically.
Command         transform returned 0; 0.338 sec.
Execute         disassemble D:/Vivado/final_conv2d/solution2/.autopilot/db/a.o.1.tmp D:/Vivado/final_conv2d/solution2/.autopilot/db/a.o.1.tmp 
Execute           is_encrypted D:/Vivado/final_conv2d/solution2/.autopilot/db/a.o.1.tmp.bc 
Command           is_encrypted returned 0; 0.01 sec.
Command         disassemble returned 0; 0.125 sec.
INFO: [HLS 200-0] Presyn 2...
Execute         transform -hls -keep-callgraph -scalarrepl -mem2reg -port-alignment -attach-range -dce -pipe-mux-gen -indvars -loop-bound -inst-simplify -instcombine -dce -merge-array-access -mem2reg -dce -clean-region -mergereturn -if-conv -instcombine -dce -constprop -basicaa -aggr-aa -aggrmodref-aa -aggr-aa -gvn -gvn -basicaa -aggr-aa -aggrmodref-aa -aggr-aa -dse -adse -adce -scalarrepl -mem2reg -global-constprop -deadargelim -deadargelim -instcombine -dce -simplifycfg -ptrArgReplace -mem2reg -function-inline -globaldce -mem2reg -instcombine -dce -expr-balance -instcombine -dce -bitwidthmin -interface-preproc -directive-preproc -inst-rectify -instcombine -dce -functionattrs -constprop -instcombine -bit-constprop -simplify-global-access -globalopt -globaldce -inst-simplify -instcombine -elimdeaddata -dce -loop-delete -simplifycfg -loop-simplify -auto-burst -norm-name D:/Vivado/final_conv2d/solution2/.autopilot/db/a.o.1.tmp.bc -o D:/Vivado/final_conv2d/solution2/.autopilot/db/a.o.2.bc -f -phase presyn 
INFO: [XFORM 203-401] Performing if-conversion on hyperblock to (final_conv2d/conv_v1/conv_v1.cpp:20:3) in function 'sumWindow'... converting 19 basic blocks.
INFO: [XFORM 203-401] Performing if-conversion on hyperblock from (final_conv2d/conv_v1/conv_v1.cpp:36:6) to (final_conv2d/conv_v1/conv_v1.cpp:35:36) in function 'do_convolution'... converting 19 basic blocks.
INFO: [XFORM 203-602] Inlining function 'sumWindow' into 'do_convolution' (final_conv2d/conv_v1/conv_v1.cpp:46) automatically.
Command         transform returned 0; 0.127 sec.
Execute         disassemble D:/Vivado/final_conv2d/solution2/.autopilot/db/a.o.2 D:/Vivado/final_conv2d/solution2/.autopilot/db/a.o.2 
Execute           is_encrypted D:/Vivado/final_conv2d/solution2/.autopilot/db/a.o.2.bc 
Command           is_encrypted returned 0; 0.015 sec.
Command         disassemble returned 0; 0.134 sec.
INFO: [HLS 200-111] Finished Pre-synthesis Time (s): cpu = 00:00:03 ; elapsed = 00:00:25 . Memory (MB): peak = 160.508 ; gain = 103.898
INFO: [HLS 200-0] Building ssdm...
Execute         transform -hls -function-uniquify -auto-function-inline -globaldce -ptrArgReplace -mem2reg -instcombine -dce -reset-lda -loop-simplify -indvars -licm -loop-dep -loop-bound -licm -loop-simplify -flattenloopnest -array-flatten -gvn -instcombine -dce -array-map -dce -func-legal -gvn -adce -instcombine -cfgopt -simplifycfg -loop-simplify -array-burst -promote-global-argument -dce -axi4-lower -array-seg-normalize -basicaa -aggrmodref-aa -globalsmodref-aa -aggr-aa -gvn -gvn -basicaa -aggrmodref-aa -globalsmodref-aa -aggr-aa -dse -adse -adce -licm -inst-simplify -dce -globaldce -instcombine -array-stream -eliminate-keepreads -instcombine -dce -deadargelim -doublePtrSimplify -doublePtrElim -dce -doublePtrSimplify -promote-dbg-pointer -dce -scalarrepl -mem2reg -disaggr -norm-name -mem2reg -instcombine -dse -adse -adce -ptrLegalization -dce -auto-rom-infer -array-flatten -dce -instcombine -check-doubleptr -loop-rot -constprop -cfgopt -simplifycfg -loop-simplify -indvars -pointer-simplify -dce -loop-bound -loop-simplify -loop-preproc -constprop -global-constprop -gvn -mem2reg -instcombine -dce -loop-bound -loop-merge -dce -bitwidthmin -deadargelim -dce -canonicalize-dataflow -dce -scalar-propagation -deadargelim -globaldce -mem2reg -interface-preproc -directive-preproc -interface-gen -bram-byte-enable -deadargelim -inst-simplify -dce -gvn -mem2reg -instcombine -dce -adse -loop-bound -instcombine -cfgopt -simplifycfg -loop-simplify -clean-region -io-protocol -find-region -mem2reg -bitop-raise -inst-simplify -inst-rectify -instcombine -adce -deadargelim -loop-simplify -phi-opt -bitop-raise -cfgopt -simplifycfg -strip-dead-prototypes -interface-lower -bitop-lower -intrinsic-lower -auto-function-inline -basicaa -aggrmodref-aa -globalsmodref-aa -aggr-aa -inst-simplify -simplifycfg -loop-simplify -mergereturn -inst-simplify -inst-rectify -dce -bitop-lower -loop-rewind -pointer-simplify -dce -cfgopt -read-loop-dep -dce -bitwidth -loop-dep -check-stream -norm-name -legalize -validate-dataflow -cdfg-build D:/Vivado/final_conv2d/solution2/.autopilot/db/a.o.2.bc -o D:/Vivado/final_conv2d/solution2/.autopilot/db/a.o.3.bc -f -phase build-ssdm 
INFO: [XFORM 203-541] Flattening a loop nest 'for_y' (final_conv2d/conv_v1/conv_v1.cpp:33:4) in function 'do_convolution'.
Command         transform returned 0; 0.134 sec.
Execute         disassemble D:/Vivado/final_conv2d/solution2/.autopilot/db/a.o.3 D:/Vivado/final_conv2d/solution2/.autopilot/db/a.o.3 
Execute           is_encrypted D:/Vivado/final_conv2d/solution2/.autopilot/db/a.o.3.bc 
Command           is_encrypted returned 0; 0.013 sec.
Command         disassemble returned 0; 0.039 sec.
INFO: [HLS 200-111] Finished Architecture Synthesis Time (s): cpu = 00:00:03 ; elapsed = 00:00:26 . Memory (MB): peak = 162.996 ; gain = 106.387
INFO: [HLS 200-0] Finish building internal data model.
Command       opt_and_import_c returned 0; 1.775 sec.
Command     elaborate returned 0; 24.782 sec.
Execute     autosyn 
INFO: [HLS 200-10] Starting hardware synthesis ...
INFO: [HLS 200-0] Synthesizing C/C++ design ...
INFO: [HLS 200-10] Synthesizing 'do_convolution' ...
Execute       ap_set_top_model do_convolution 
Command       ap_set_top_model returned 0; 0 sec.
Execute       get_model_list do_convolution -filter all-wo-channel -topdown 
Command       get_model_list returned 0; 0 sec.
Execute       preproc_iomode -model do_convolution 
Command       preproc_iomode returned 0; 0.002 sec.
Execute       get_model_list do_convolution -filter all-wo-channel 
Command       get_model_list returned 0; 0 sec.
INFO: [HLS 200-0] Model list for configure: do_convolution
INFO: [HLS 200-0] Configuring Module : do_convolution ...
Execute       set_default_model do_convolution 
Command       set_default_model returned 0; 0 sec.
Execute       apply_spec_resource_limit do_convolution 
Command       apply_spec_resource_limit returned 0; 0.001 sec.
INFO: [HLS 200-0] Model list for preprocess: do_convolution
INFO: [HLS 200-0] Preprocessing Module: do_convolution ...
Execute       set_default_model do_convolution 
Command       set_default_model returned 0; 0 sec.
Execute       cdfg_preprocess -model do_convolution 
Command       cdfg_preprocess returned 0; 0.002 sec.
Execute       rtl_gen_preprocess do_convolution 
Command       rtl_gen_preprocess returned 0; 0.001 sec.
INFO: [HLS 200-0] Model list for synthesis: do_convolution
INFO: [HLS 200-10] ----------------------------------------------------------------
INFO: [HLS 200-42] -- Implementing module 'do_convolution'
INFO: [HLS 200-10] ----------------------------------------------------------------
Execute       set_default_model do_convolution 
Command       set_default_model returned 0; 0 sec.
Execute       schedule -model do_convolution 
INFO: [SCHED 204-11] Starting scheduling ...
INFO: [SCHED 204-61] Pipelining loop 'for_y_for_x'.
WARNING: [SCHED 204-69] Unable to schedule 'load' operation ('window[0][2]', final_conv2d/conv_v1/conv_v1.cpp:43) on array 'data_in' due to limited memory ports. Please consider using a memory core with more ports or partitioning the array 'data_in'.
INFO: [SCHED 204-61] Pipelining result : Target II = 1, Final II = 5, Depth = 8.
INFO: [SCHED 204-11] Finished scheduling.
Command       schedule returned 0; 0.215 sec.
INFO: [HLS 200-111]  Elapsed time: 25.915 seconds; current allocated memory: 111.245 MB.
Execute       report -o D:/Vivado/final_conv2d/solution2/.autopilot/db/do_convolution.verbose.sched.rpt -verbose -f 
Command       report returned 0; 0.044 sec.
Execute       db_write -o D:/Vivado/final_conv2d/solution2/.autopilot/db/do_convolution.sched.adb -f 
Command       db_write returned 0; 0.025 sec.
INFO: [HLS 200-0] Finish scheduling do_convolution.
Execute       set_default_model do_convolution 
Command       set_default_model returned 0; 0 sec.
Execute       bind -model do_convolution 
INFO: [BIND 205-110] clear=
INFO: [BIND 205-110] debug=
INFO: [BIND 205-110] drf=
INFO: [BIND 205-110] effort=
INFO: [BIND 205-110] fast_refine=
INFO: [BIND 205-110] fu_weight=[ 0.0 -- 1.0 ]
INFO: [BIND 205-110] global_opt=
INFO: [BIND 205-110] gsearch=
INFO: [BIND 205-110] help=
INFO: [BIND 205-110] help-hidden=
INFO: [BIND 205-110] min_mem_port=
INFO: [BIND 205-110] min_op=
INFO: [BIND 205-110] minreg=
INFO: [BIND 205-110] ml=
INFO: [BIND 205-110] model=do_convolution
INFO: [BIND 205-110] no_false_path=
INFO: [BIND 205-110] no_min_op=
INFO: [BIND 205-110] normalize=
INFO: [BIND 205-110] quiet=
INFO: [BIND 205-110] refine=
INFO: [BIND 205-110] reg_weight=[ 0.0 -- 1.0 ]
INFO: [BIND 205-110] search=
INFO: [BIND 205-110] tight_delay=
INFO: [BIND 205-110] verbose=
INFO: [BIND 205-110] wFF=
INFO: [BIND 205-110] wFU=
INFO: [BIND 205-110] wMUX=
INFO: [BIND 205-110] wNET=
INFO: [BIND 205-100] Starting micro-architecture generation ...
INFO: [BIND 205-101] Performing variable lifetime analysis.
INFO: [BIND 205-101] Exploring resource sharing.
INFO: [BIND 205-101] Binding ...
INFO: [BIND 205-100] Finished micro-architecture generation.
Command       bind returned 0; 0.08 sec.
INFO: [HLS 200-111]  Elapsed time: 0.16 seconds; current allocated memory: 111.856 MB.
Execute       report -o D:/Vivado/final_conv2d/solution2/.autopilot/db/do_convolution.verbose.bind.rpt -verbose -f 
Command       report returned 0; 0.081 sec.
Execute       db_write -o D:/Vivado/final_conv2d/solution2/.autopilot/db/do_convolution.bind.adb -f 
Command       db_write returned 0; 0.037 sec.
INFO: [HLS 200-0] Finish binding do_convolution.
Execute       get_model_list do_convolution -filter all-wo-channel 
Command       get_model_list returned 0; 0 sec.
INFO: [HLS 200-0] Preprocessing for RTLGen ...
Execute       rtl_gen_preprocess do_convolution 
Command       rtl_gen_preprocess returned 0; 0.001 sec.
INFO: [HLS 200-0] Model list for RTL generation: do_convolution
INFO: [HLS 200-10] ----------------------------------------------------------------
INFO: [HLS 200-10] -- Generating RTL for module 'do_convolution'
INFO: [HLS 200-10] ----------------------------------------------------------------
Execute       create_rtl_model do_convolution -vendor xilinx -mg_file D:/Vivado/final_conv2d/solution2/.autopilot/db/do_convolution.compgen.tcl 
INFO: [RTGEN 206-500] Setting interface mode on port 'do_convolution/data_out' to 'ap_memory'.
INFO: [RTGEN 206-500] Setting interface mode on port 'do_convolution/data_in' to 'ap_memory'.
INFO: [RTGEN 206-500] Setting interface mode on port 'do_convolution/kernel' to 'ap_memory'.
INFO: [RTGEN 206-500] Setting interface mode on function 'do_convolution' to 'ap_ctrl_hs'.
INFO: [RTGEN 206-100] Finished creating RTL model for 'do_convolution'.
Command       create_rtl_model returned 0; 0.091 sec.
INFO: [HLS 200-111]  Elapsed time: 0.25 seconds; current allocated memory: 112.941 MB.
Execute       source D:/Vivado/final_conv2d/solution2/.autopilot/db/do_convolution.rtl_wrap.cfg.tcl 
Command       ap_source returned 0; 0.001 sec.
Execute       gen_rtl do_convolution -istop -style xilinx -tracefl mytrace -tracefmt vcd -traceopt all -f -lang sc -o D:/Vivado/final_conv2d/solution2/syn/systemc/do_convolution -synmodules do_convolution 
Command       gen_rtl returned 0; 0.007 sec.
Execute       gen_rtl do_convolution -istop -style xilinx -f -lang vhdl -o D:/Vivado/final_conv2d/solution2/syn/vhdl/do_convolution 
Command       gen_rtl returned 0; 0.045 sec.
Execute       gen_rtl do_convolution -istop -style xilinx -f -lang vlog -o D:/Vivado/final_conv2d/solution2/syn/verilog/do_convolution 
Command       gen_rtl returned 0; 0.026 sec.
Execute       export_constraint_db -o D:/Vivado/final_conv2d/solution2/.autopilot/db/do_convolution.constraint.tcl -f -tool general 
Command       export_constraint_db returned 0; 0 sec.
Execute       report -model do_convolution -o D:/Vivado/final_conv2d/solution2/.autopilot/db/do_convolution.design.xml -verbose -f -dv 
Command       report returned 0; 0.037 sec.
Execute       report -model do_convolution -o D:/Vivado/final_conv2d/solution2/.autopilot/db/do_convolution.sdaccel.xml -verbose -f -sdaccel 
Command       report returned 0; 0.057 sec.
Execute       gen_tb_info do_convolution -o D:/Vivado/final_conv2d/solution2/.autopilot/db/do_convolution -p D:/Vivado/final_conv2d/solution2/.autopilot/db 
Command       gen_tb_info returned 0; 0.004 sec.
Execute       report -model do_convolution -o D:/Vivado/final_conv2d/solution2/syn/report/do_convolution_csynth.rpt -f 
Command       report returned 0; 0.024 sec.
Execute       report -model do_convolution -o D:/Vivado/final_conv2d/solution2/syn/report/do_convolution_csynth.xml -f -x 
Command       report returned 0; 0.025 sec.
Execute       report -model do_convolution -o D:/Vivado/final_conv2d/solution2/.autopilot/db/do_convolution.verbose.rpt -verbose -f 
Command       report returned 0; 0.105 sec.
Execute       db_write -model do_convolution -o D:/Vivado/final_conv2d/solution2/.autopilot/db/do_convolution.adb -f 
Command       db_write returned 0; 0.083 sec.
Execute       sc_get_clocks do_convolution 
Command       sc_get_clocks returned 0; 0 sec.
Execute       sc_get_portdomain do_convolution 
Command       sc_get_portdomain returned 0; 0 sec.
INFO: [HLS 200-0] Model list for RTL component generation: do_convolution
INFO: [HLS 200-0] Handling components in module [do_convolution] ... 
Execute       source D:/Vivado/final_conv2d/solution2/.autopilot/db/do_convolution.compgen.tcl 
Command       ap_source returned 0; 0.002 sec.
INFO: [HLS 200-0] Append model do_convolution
INFO: [HLS 200-0] Generating RTL model list ...
INFO: [HLS 200-0] All models in this session: do_convolution
INFO: [HLS 200-0] To file: write model do_convolution
INFO: [HLS 200-0] Finished generating RTL model list.


INFO: [HLS 200-0] RTL Generation done.
INFO: [HLS 200-0] CAS Generation done.
INFO: [HLS 200-0] CBC Generation done.
Execute       export_ssdm D:/Vivado/final_conv2d/solution2/.autopilot/db/a.export.ll 
Command       export_ssdm returned 0; 0.001 sec.
Execute       source D:/Vivado/final_conv2d/solution2/.autopilot/db/global.setting.tcl 
Command       ap_source returned 0; 0.001 sec.
Execute       source D:/Vivado/2018.1/common/technology/generic/autopilot/common.gen 
Execute         source D:/Vivado/2018.1/common/technology/generic/autopilot/APCoreGen.gen 
Command         ap_source returned 0; 0.001 sec.
Command       ap_source returned 0; 0.004 sec.
Execute       source D:/Vivado/2018.1/common/technology/generic/autopilot/op.gen 
Command       ap_source returned 0; 0.001 sec.
Execute       source D:/Vivado/2018.1/common/technology/generic/autopilot/op_simcore.gen 
Command       ap_source returned 0; 0.003 sec.
Execute       source D:/Vivado/2018.1/common/technology/generic/autopilot/interface.gen 
Command       ap_source returned 0; 0.001 sec.
Execute       source D:/Vivado/final_conv2d/solution2/.autopilot/db/global.setting.tcl 
Command       ap_source returned 0; 0.001 sec.
Execute       source D:/Vivado/2018.1/common/technology/xilinx/zynq/zynq.gen 
Execute         source D:/Vivado/2018.1/common/technology/xilinx/common/virtex.gen 
Execute           source D:/Vivado/2018.1/common/technology/xilinx/common/xilinx.gen 
Execute             source D:/Vivado/2018.1/common/technology/xilinx/interface/plb46.gen 
Command             ap_source returned 0; 0.002 sec.
Execute             source D:/Vivado/2018.1/common/technology/xilinx/interface/fsl.gen 
Command             ap_source returned 0; 0.002 sec.
Execute             source D:/Vivado/2018.1/common/technology/xilinx/interface/axi4.gen 
Command             ap_source returned 0; 0.003 sec.
Execute             source D:/Vivado/2018.1/common/technology/xilinx/interface/nativeAXI4.gen 
Execute               source D:/Vivado/2018.1/common/technology/xilinx/interface/saxilite.gen 
Command               ap_source returned 0; 0.005 sec.
Execute               source D:/Vivado/2018.1/common/technology/xilinx/interface/maxi.gen 
Command               ap_source returned 0; 0.008 sec.
Command             ap_source returned 0; 0.013 sec.
Execute             source D:/Vivado/2018.1/common/technology/xilinx/scripts/xilinxcoregen.gen 
Command             ap_source returned 0; 0.012 sec.
Execute             source D:/Vivado/2018.1/common/technology/xilinx/interface/XilEDKCoreGen.gen 
Command             ap_source returned 0; 0.01 sec.
Execute             source D:/Vivado/2018.1/common/technology/xilinx/ip/dds_compiler.gen 
Command             ap_source returned 0; 0.004 sec.
Execute             source D:/Vivado/2018.1/common/technology/xilinx/ip/util.gen 
Command             ap_source returned 0; 0.001 sec.
Execute             source D:/Vivado/2018.1/common/technology/xilinx/ip/xfft.gen 
Command             ap_source returned 0; 0.085 sec.
Execute             source D:/Vivado/2018.1/common/technology/xilinx/ip/xfir.gen 
Command             ap_source returned 0; 0.001 sec.
Command           ap_source returned 0; 0.137 sec.
Execute           source D:/Vivado/2018.1/common/technology/xilinx/common/dsp48.gen 
Command           ap_source returned 0; 0.001 sec.
Command         ap_source returned 0; 0.14 sec.
Command       ap_source returned 0; 0.14 sec.
Execute       source D:/Vivado/2018.1/common/technology/xilinx/zynq/zynq_fpv6.gen 
Execute         source D:/Vivado/2018.1/common/technology/xilinx/common/xilinx_fpv6.gen 
Command         ap_source returned 0; 0.003 sec.
Command       ap_source returned 0; 0.004 sec.
Execute       source D:/Vivado/final_conv2d/solution2/.autopilot/db/global.setting.tcl 
Command       ap_source returned 0; 0.001 sec.
Execute       source D:/Vivado/final_conv2d/solution2/.autopilot/db/global.setting.tcl 
Command       ap_source returned 0; 0 sec.
Execute       source D:/Vivado/final_conv2d/solution2/.autopilot/db/global.setting.tcl 
Command       ap_source returned 0; 0.001 sec.
Execute       source D:/Vivado/final_conv2d/solution2/.autopilot/db/do_convolution.compgen.tcl 
Command       ap_source returned 0; 0.002 sec.
Execute       source D:/Vivado/final_conv2d/solution2/.autopilot/db/global.setting.tcl 
Command       ap_source returned 0; 0.001 sec.
Execute       source D:/Vivado/2018.1/common/technology/generic/autopilot/common.gen 
Execute         source D:/Vivado/2018.1/common/technology/generic/autopilot/APCoreGen.gen 
Command         ap_source returned 0; 0 sec.
Command       ap_source returned 0; 0.002 sec.
Execute       source D:/Vivado/2018.1/common/technology/generic/autopilot/op.gen 
Command       ap_source returned 0; 0 sec.
Execute       source D:/Vivado/2018.1/common/technology/generic/autopilot/op_simcore.gen 
Command       ap_source returned 0; 0.001 sec.
Execute       source D:/Vivado/2018.1/common/technology/generic/autopilot/interface.gen 
Command       ap_source returned 0; 0 sec.
Execute       source D:/Vivado/final_conv2d/solution2/.autopilot/db/global.setting.tcl 
Command       ap_source returned 0; 0.001 sec.
Execute       source D:/Vivado/2018.1/common/technology/xilinx/zynq/zynq.gen 
Execute         source D:/Vivado/2018.1/common/technology/xilinx/common/virtex.gen 
Execute           source D:/Vivado/2018.1/common/technology/xilinx/common/xilinx.gen 
Execute             source D:/Vivado/2018.1/common/technology/xilinx/interface/plb46.gen 
Command             ap_source returned 0; 0.001 sec.
Execute             source D:/Vivado/2018.1/common/technology/xilinx/interface/fsl.gen 
Command             ap_source returned 0; 0.001 sec.
Execute             source D:/Vivado/2018.1/common/technology/xilinx/interface/axi4.gen 
Command             ap_source returned 0; 0.002 sec.
Execute             source D:/Vivado/2018.1/common/technology/xilinx/interface/nativeAXI4.gen 
Execute               source D:/Vivado/2018.1/common/technology/xilinx/interface/saxilite.gen 
Command               ap_source returned 0; 0.004 sec.
Execute               source D:/Vivado/2018.1/common/technology/xilinx/interface/maxi.gen 
Command               ap_source returned 0; 0.007 sec.
Command             ap_source returned 0; 0.011 sec.
Execute             source D:/Vivado/2018.1/common/technology/xilinx/scripts/xilinxcoregen.gen 
Command             ap_source returned 0; 0.011 sec.
Execute             source D:/Vivado/2018.1/common/technology/xilinx/interface/XilEDKCoreGen.gen 
Command             ap_source returned 0; 0.007 sec.
Execute             source D:/Vivado/2018.1/common/technology/xilinx/ip/dds_compiler.gen 
Command             ap_source returned 0; 0.003 sec.
Execute             source D:/Vivado/2018.1/common/technology/xilinx/ip/util.gen 
Command             ap_source returned 0; 0.001 sec.
Execute             source D:/Vivado/2018.1/common/technology/xilinx/ip/xfft.gen 
Command             ap_source returned 0; 0.082 sec.
Execute             source D:/Vivado/2018.1/common/technology/xilinx/ip/xfir.gen 
Command             ap_source returned 0; 0.001 sec.
Command           ap_source returned 0; 0.122 sec.
Execute           source D:/Vivado/2018.1/common/technology/xilinx/common/dsp48.gen 
Command           ap_source returned 0; 0 sec.
Command         ap_source returned 0; 0.123 sec.
Command       ap_source returned 0; 0.124 sec.
Execute       source D:/Vivado/2018.1/common/technology/xilinx/zynq/zynq_fpv6.gen 
Execute         source D:/Vivado/2018.1/common/technology/xilinx/common/xilinx_fpv6.gen 
Command         ap_source returned 0; 0.002 sec.
Command       ap_source returned 0; 0.002 sec.
Execute       source D:/Vivado/final_conv2d/solution2/.autopilot/db/do_convolution.rtl_wrap.cfg.tcl 
Command       ap_source returned 0; 0 sec.
Execute       source D:/Vivado/final_conv2d/solution2/.autopilot/db/do_convolution.rtl_wrap.cfg.tcl 
Command       ap_source returned 0; 0 sec.
Execute       source D:/Vivado/final_conv2d/solution2/.autopilot/db/do_convolution.rtl_wrap.cfg.tcl 
Command       ap_source returned 0; 0.001 sec.
Execute       source D:/Vivado/final_conv2d/solution2/.autopilot/db/do_convolution.tbgen.tcl 
Command       ap_source returned 0; 0.001 sec.
Execute       source D:/Vivado/final_conv2d/solution2/.autopilot/db/do_convolution.tbgen.tcl 
Command       ap_source returned 0; 0 sec.
Execute       source D:/Vivado/final_conv2d/solution2/.autopilot/db/global.setting.tcl 
Command       ap_source returned 0; 0 sec.
Execute       source D:/Vivado/final_conv2d/solution2/.autopilot/db/do_convolution.compgen.tcl 
Command       ap_source returned 0; 0.001 sec.
Execute       source D:/Vivado/final_conv2d/solution2/.autopilot/db/global.setting.tcl 
Command       ap_source returned 0; 0.001 sec.
Execute       source D:/Vivado/final_conv2d/solution2/.autopilot/db/do_convolution.compgen.tcl 
Execute         source D:/Vivado/final_conv2d/solution2/.autopilot/db/do_convolution.tbgen.tcl 
Command         ap_source returned 0; 0 sec.
Execute         source D:/Vivado/final_conv2d/solution2/.autopilot/db/do_convolution.tbgen.tcl 
Command         ap_source returned 0; 0.001 sec.
Execute         source D:/Vivado/final_conv2d/solution2/.autopilot/db/do_convolution.tbgen.tcl 
Command         ap_source returned 0; 0 sec.
Command       ap_source returned 0; 0.027 sec.
Execute       source D:/Vivado/final_conv2d/solution2/.autopilot/db/global.setting.tcl 
Command       ap_source returned 0; 0.001 sec.
Execute       source D:/Vivado/final_conv2d/solution2/.autopilot/db/do_convolution.compgen.tcl 
Command       ap_source returned 0; 0 sec.
Execute       source D:/Vivado/final_conv2d/solution2/.autopilot/db/global.setting.tcl 
Command       ap_source returned 0; 0 sec.
Execute       source D:/Vivado/final_conv2d/solution2/.autopilot/db/do_convolution.constraint.tcl 
Command       ap_source returned 0; 0 sec.
Execute       source D:/Vivado/final_conv2d/solution2/.autopilot/db/do_convolution.tbgen.tcl 
Command       ap_source returned 0; 0.001 sec.
Execute       source D:/Vivado/final_conv2d/solution2/.autopilot/db/global.setting.tcl 
Command       ap_source returned 0; 0.001 sec.
Execute       source D:/Vivado/final_conv2d/solution2/.autopilot/db/global.setting.tcl 
Command       ap_source returned 0; 0 sec.
Execute       source D:/Vivado/final_conv2d/solution2/.autopilot/db/global.setting.tcl 
Command       ap_source returned 0; 0 sec.
Execute       source D:/Vivado/final_conv2d/solution2/.autopilot/db/do_convolution.tbgen.tcl 
Command       ap_source returned 0; 0.001 sec.
Execute       source D:/Vivado/final_conv2d/solution2/.autopilot/db/do_convolution.tbgen.tcl 
Command       ap_source returned 0; 0 sec.
Execute       source D:/Vivado/final_conv2d/solution2/.autopilot/db/global.setting.tcl 
Command       ap_source returned 0; 0 sec.
Execute       source D:/Vivado/final_conv2d/solution2/.autopilot/db/do_convolution.constraint.tcl 
Command       ap_source returned 0; 0 sec.
Execute       sc_get_clocks do_convolution 
Command       sc_get_clocks returned 0; 0 sec.
Execute       source D:/Vivado/final_conv2d/solution2/.autopilot/db/global.setting.tcl 
Command       ap_source returned 0; 0 sec.
INFO: [HLS 200-111] Finished generating all RTL models Time (s): cpu = 00:00:04 ; elapsed = 00:00:28 . Memory (MB): peak = 166.629 ; gain = 110.020
INFO: [SYSC 207-301] Generating SystemC RTL for do_convolution.
INFO: [VHDL 208-304] Generating VHDL RTL for do_convolution.
INFO: [VLOG 209-307] Generating Verilog RTL for do_convolution.
Command     autosyn returned 0; 2.013 sec.
Command   csynth_design returned 0; 26.797 sec.
Command ap_source returned 0; 27.175 sec.
Execute cleanup_all 
Command cleanup_all returned 0; 0.006 sec.
