

================================================================
== Vivado HLS Report for 'do_convolution'
================================================================
* Date:           Wed Dec 18 13:59:56 2024

* Version:        2018.1 (Build 2188600 on Wed Apr 04 19:04:02 MDT 2018)
* Project:        final_conv2d
* Solution:       solution1
* Product family: zynq
* Target device:  xc7z020clg484-1


================================================================
== Performance Estimates
================================================================
+ Timing (ns): 
    * Summary: 
    +--------+-------+----------+------------+
    |  Clock | Target| Estimated| Uncertainty|
    +--------+-------+----------+------------+
    |ap_clk  |  10.00|      8.51|        1.25|
    +--------+-------+----------+------------+

+ Latency (clock cycles): 
    * Summary: 
    +------+------+------+------+---------+
    |   Latency   |   Interval  | Pipeline|
    |  min |  max |  min |  max |   Type  |
    +------+------+------+------+---------+
    |  1736|  1736|  1736|  1736|   none  |
    +------+------+------+------+---------+

    + Detail: 
        * Instance: 
        N/A

        * Loop: 
        +---------------+------+------+----------+-----------+-----------+------+----------+
        |               |   Latency   | Iteration|  Initiation Interval  | Trip |          |
        |   Loop Name   |  min |  max |  Latency |  achieved |   target  | Count| Pipelined|
        +---------------+------+------+----------+-----------+-----------+------+----------+
        |- for_y        |  1735|  1735|       347|          -|          -|     5|    no    |
        | + for_x       |   345|   345|        69|          -|          -|     5|    no    |
        |  ++ load_i    |    24|    24|         8|          -|          -|     3|    no    |
        |   +++ load_j  |     6|     6|         2|          -|          -|     3|    no    |
        |  ++ win_i     |    42|    42|        14|          -|          -|     3|    no    |
        |   +++ win_j   |    12|    12|         4|          -|          -|     3|    no    |
        +---------------+------+------+----------+-----------+-----------+------+----------+



================================================================
== Utilization Estimates
================================================================
* Summary: 
+-----------------+---------+-------+--------+-------+
|       Name      | BRAM_18K| DSP48E|   FF   |  LUT  |
+-----------------+---------+-------+--------+-------+
|DSP              |        -|      -|       -|      -|
|Expression       |        -|      3|       0|    449|
|FIFO             |        -|      -|       -|      -|
|Instance         |        -|      -|       -|      -|
|Memory           |        0|      -|      64|      5|
|Multiplexer      |        -|      -|       -|    140|
|Register         |        -|      -|     239|      -|
+-----------------+---------+-------+--------+-------+
|Total            |        0|      3|     303|    594|
+-----------------+---------+-------+--------+-------+
|Available        |      280|    220|  106400|  53200|
+-----------------+---------+-------+--------+-------+
|Utilization (%)  |        0|      1|   ~0   |      1|
+-----------------+---------+-------+--------+-------+

+ Detail: 
    * Instance: 
    N/A

    * DSP48: 
    N/A

    * Memory: 
    +----------+----------------------+---------+----+----+------+-----+------+-------------+
    |  Memory  |        Module        | BRAM_18K| FF | LUT| Words| Bits| Banks| W*Bits*Banks|
    +----------+----------------------+---------+----+----+------+-----+------+-------------+
    |window_U  |do_convolution_wibkb  |        0|  64|   5|     9|   32|     1|          288|
    +----------+----------------------+---------+----+----+------+-----+------+-------------+
    |Total     |                      |        0|  64|   5|     9|   32|     1|          288|
    +----------+----------------------+---------+----+----+------+-----+------+-------------+

    * FIFO: 
    N/A

    * Expression: 
    +-----------------------+----------+-------+---+----+------------+------------+
    |     Variable Name     | Operation| DSP48E| FF| LUT| Bitwidth P0| Bitwidth P1|
    +-----------------------+----------+-------+---+----+------------+------------+
    |tmp_7_i_fu_513_p2      |     *    |      3|  0|  20|          32|          32|
    |i_1_fu_307_p2          |     +    |      0|  0|  12|           3|           1|
    |i_2_fu_418_p2          |     +    |      0|  0|  12|           3|           1|
    |j_1_fu_492_p2          |     +    |      0|  0|  12|           3|           1|
    |j_2_fu_397_p2          |     +    |      0|  0|  12|           3|           1|
    |result_fu_552_p2       |     +    |      0|  0|  39|          32|          32|
    |tmp_10_fu_472_p2       |     +    |      0|  0|  15|           6|           6|
    |tmp_13_fu_367_p2       |     +    |      0|  0|  15|           6|           6|
    |tmp_14_fu_387_p2       |     +    |      0|  0|  15|           5|           5|
    |tmp_16_fu_502_p2       |     +    |      0|  0|  15|           5|           5|
    |tmp_3_fu_301_p2        |     +    |      0|  0|  15|           6|           6|
    |tmp_7_fu_377_p2        |     +    |      0|  0|  12|           3|           1|
    |tmp_s_fu_252_p2        |     +    |      0|  0|  15|           6|           6|
    |x_assign_2_fu_517_p2   |     +    |      0|  0|  13|           4|           4|
    |x_assign_fu_347_p2     |     +    |      0|  0|  13|           4|           4|
    |x_fu_268_p2            |     +    |      0|  0|  12|           3|           1|
    |y_assign_2_fu_413_p2   |     +    |      0|  0|  13|           4|           4|
    |y_assign_fu_284_p2     |     +    |      0|  0|  13|           4|           4|
    |y_fu_230_p2            |     +    |      0|  0|  12|           3|           1|
    |tmp_12_fu_436_p2       |     -    |      0|  0|  15|           5|           5|
    |tmp_8_fu_325_p2        |     -    |      0|  0|  15|           5|           5|
    |p_i_i_fu_547_p2        |    and   |      0|  0|   2|           1|           1|
    |tmp4_fu_462_p2         |    and   |      0|  0|   2|           1|           1|
    |tmp5_fu_541_p2         |    and   |      0|  0|   2|           1|           1|
    |exitcond1_fu_278_p2    |   icmp   |      0|  0|   9|           3|           2|
    |exitcond1_i_fu_407_p2  |   icmp   |      0|  0|   9|           3|           2|
    |exitcond2_fu_262_p2    |   icmp   |      0|  0|   9|           3|           3|
    |exitcond3_fu_224_p2    |   icmp   |      0|  0|   9|           3|           3|
    |exitcond_fu_341_p2     |   icmp   |      0|  0|   9|           3|           2|
    |exitcond_i_fu_486_p2   |   icmp   |      0|  0|   9|           3|           2|
    |switch8_fu_331_p2      |   icmp   |      0|  0|   9|           4|           3|
    |switch_fu_352_p2       |   icmp   |      0|  0|   9|           4|           3|
    |tmp_1_i_i_fu_535_p2    |   icmp   |      0|  0|   9|           4|           3|
    |tmp_i_i_fu_456_p2      |   icmp   |      0|  0|   9|           4|           3|
    |or_cond_fu_358_p2      |    or    |      0|  0|   2|           1|           1|
    |result_1_fu_557_p3     |  select  |      0|  0|  32|           1|          32|
    |rev7_fu_529_p2         |    xor   |      0|  0|   2|           1|           2|
    |rev_fu_450_p2          |    xor   |      0|  0|   2|           1|           2|
    +-----------------------+----------+-------+---+----+------------+------------+
    |Total                  |          |      3|  0| 449|         186|         197|
    +-----------------------+----------+-------+---+----+------------+------------+

    * Multiplexer: 
    +--------------------+----+-----------+-----+-----------+
    |        Name        | LUT| Input Size| Bits| Total Bits|
    +--------------------+----+-----------+-----+-----------+
    |ap_NS_fsm           |  53|         12|    1|         12|
    |i_i_reg_186         |   9|          2|    3|          6|
    |i_reg_150           |   9|          2|    3|          6|
    |j_i_reg_209         |   9|          2|    3|          6|
    |j_reg_161           |   9|          2|    3|          6|
    |result_1_i_reg_197  |   9|          2|   32|         64|
    |val_out_reg_173     |   9|          2|   32|         64|
    |window_address0     |  15|          3|    4|         12|
    |x_assign_1_reg_138  |   9|          2|    3|          6|
    |y_assign_1_reg_127  |   9|          2|    3|          6|
    +--------------------+----+-----------+-----+-----------+
    |Total               | 140|         31|   87|        188|
    +--------------------+----+-----------+-----+-----------+

    * Register: 
    +---------------------+----+----+-----+-----------+
    |         Name        | FF | LUT| Bits| Const Bits|
    +---------------------+----+----+-----+-----------+
    |ap_CS_fsm            |  11|   0|   11|          0|
    |i_1_reg_606          |   3|   0|    3|          0|
    |i_2_reg_641          |   3|   0|    3|          0|
    |i_i_reg_186          |   3|   0|    3|          0|
    |i_reg_150            |   3|   0|    3|          0|
    |j_1_reg_664          |   3|   0|    3|          0|
    |j_i_cast_reg_656     |   4|   0|    4|          0|
    |j_i_reg_209          |   3|   0|    3|          0|
    |j_reg_161            |   3|   0|    3|          0|
    |kernel_load_reg_684  |  32|   0|   32|          0|
    |or_cond_reg_624      |   1|   0|    1|          0|
    |result_1_i_reg_197   |  32|   0|   32|          0|
    |switch8_reg_616      |   1|   0|    1|          0|
    |tmp4_reg_651         |   1|   0|    1|          0|
    |tmp_12_reg_646       |   5|   0|    5|          0|
    |tmp_3_reg_601        |   6|   0|    6|          0|
    |tmp_7_i_reg_689      |  32|   0|   32|          0|
    |tmp_8_reg_611        |   5|   0|    5|          0|
    |tmp_s_reg_579        |   6|   0|    6|          0|
    |val_out_reg_173      |  32|   0|   32|          0|
    |window_load_reg_679  |  32|   0|   32|          0|
    |x_assign_1_reg_138   |   3|   0|    3|          0|
    |x_cast_reg_584       |   3|   0|    4|          1|
    |x_reg_593            |   3|   0|    3|          0|
    |y_assign_1_reg_127   |   3|   0|    3|          0|
    |y_cast_reg_565       |   3|   0|    4|          1|
    |y_reg_574            |   3|   0|    3|          0|
    +---------------------+----+----+-----+-----------+
    |Total                | 239|   0|  241|          2|
    +---------------------+----+----+-----+-----------+



================================================================
== Interface
================================================================
* Summary: 
+-------------------+-----+-----+------------+----------------+--------------+
|     RTL Ports     | Dir | Bits|  Protocol  |  Source Object |    C Type    |
+-------------------+-----+-----+------------+----------------+--------------+
|ap_clk             |  in |    1| ap_ctrl_hs | do_convolution | return value |
|ap_rst             |  in |    1| ap_ctrl_hs | do_convolution | return value |
|ap_start           |  in |    1| ap_ctrl_hs | do_convolution | return value |
|ap_done            | out |    1| ap_ctrl_hs | do_convolution | return value |
|ap_idle            | out |    1| ap_ctrl_hs | do_convolution | return value |
|ap_ready           | out |    1| ap_ctrl_hs | do_convolution | return value |
|data_out_address0  | out |    5|  ap_memory |    data_out    |     array    |
|data_out_ce0       | out |    1|  ap_memory |    data_out    |     array    |
|data_out_we0       | out |    1|  ap_memory |    data_out    |     array    |
|data_out_d0        | out |   32|  ap_memory |    data_out    |     array    |
|data_in_address0   | out |    5|  ap_memory |     data_in    |     array    |
|data_in_ce0        | out |    1|  ap_memory |     data_in    |     array    |
|data_in_q0         |  in |   32|  ap_memory |     data_in    |     array    |
|kernel_address0    | out |    4|  ap_memory |     kernel     |     array    |
|kernel_ce0         | out |    1|  ap_memory |     kernel     |     array    |
|kernel_q0          |  in |   32|  ap_memory |     kernel     |     array    |
+-------------------+-----+-----+------------+----------------+--------------+

