INFO: [HLS 200-10] Running 'D:/Vivado/2018.1/bin/unwrapped/win64.o/vivado_hls.exe'
INFO: [HLS 200-10] For user 'huyho' on host 'maytinhcuahoang' (Windows NT_amd64 version 6.2) on Wed Dec 18 13:37:31 +0700 2024
INFO: [HLS 200-10] In directory 'D:/Vivado/final_conv2d'
INFO: [HLS 200-10] Opening project 'D:/Vivado/final_conv2d/final_conv2d'.
INFO: [HLS 200-10] Opening solution 'D:/Vivado/final_conv2d/final_conv2d/solution2'.
INFO: [SYN 201-201] Setting up clock 'default' with a period of 10ns.
INFO: [HLS 200-10] Setting target device to 'xc7z020clg484-1'
INFO: [SIM 211-2] *************** CSIM start ***************
INFO: [SIM 211-4] CSIM will launch GCC as the compiler.
make: *** No rule to make target `../../../../test_conv.cpp', needed by `obj/test_conv.o'.  Stop.
ERROR: [SIM 211-100] 'csim_design' failed: compilation error(s).
INFO: [SIM 211-3] *************** CSIM finish ***************
4
    while executing
"source D:/Vivado/final_conv2d/final_conv2d/solution2/csim.tcl"
    invoked from within
"hls::main D:/Vivado/final_conv2d/final_conv2d/solution2/csim.tcl"
    ("uplevel" body line 1)
    invoked from within
"uplevel 1 hls::main {*}$args"
    (procedure "hls_proc" line 5)
    invoked from within
"hls_proc $argv"
