Copyright 1986-2018 Xilinx, Inc. All Rights Reserved.
----------------------------------------------------------------------------------------------------------------------------------------------------------------------
| Tool Version     : Vivado v.2018.1 (win64) Build 2188600 Wed Apr  4 18:40:38 MDT 2018
| Date             : Tue Dec 17 19:21:22 2024
| Host             : maytinhcuahoang running 64-bit major release  (build 9200)
| Command          : report_power -file design_5_wrapper_power_routed.rpt -pb design_5_wrapper_power_summary_routed.pb -rpx design_5_wrapper_power_routed.rpx
| Design           : design_5_wrapper
| Device           : xc7z020clg484-1
| Design State     : routed
| Grade            : commercial
| Process          : typical
| Characterization : Production
----------------------------------------------------------------------------------------------------------------------------------------------------------------------

Power Report

Table of Contents
-----------------
1. Summary
1.1 On-Chip Components
1.2 Power Supply Summary
1.3 Confidence Level
2. Settings
2.1 Environment
2.2 Clock Constraints
3. Detailed Reports
3.1 By Hierarchy

1. Summary
----------

+--------------------------+--------------+
| Total On-Chip Power (W)  | 1.789        |
| Design Power Budget (W)  | Unspecified* |
| Power Budget Margin (W)  | NA           |
| Dynamic (W)              | 1.642        |
| Device Static (W)        | 0.148        |
| Effective TJA (C/W)      | 11.5         |
| Max Ambient (C)          | 64.4         |
| Junction Temperature (C) | 45.6         |
| Confidence Level         | Low          |
| Setting File             | ---          |
| Simulation Activity File | ---          |
| Design Nets Matched      | NA           |
+--------------------------+--------------+
* Specify Design Power Budget using, set_operating_conditions -design_power_budget <value in Watts>


1.1 On-Chip Components
----------------------

+--------------------------+-----------+----------+-----------+-----------------+
| On-Chip                  | Power (W) | Used     | Available | Utilization (%) |
+--------------------------+-----------+----------+-----------+-----------------+
| Clocks                   |     0.008 |        4 |       --- |             --- |
| Slice Logic              |     0.004 |     4936 |       --- |             --- |
|   LUT as Logic           |     0.003 |     1738 |     53200 |            3.27 |
|   CARRY4                 |    <0.001 |      161 |     13300 |            1.21 |
|   Register               |    <0.001 |     2216 |    106400 |            2.08 |
|   LUT as Shift Register  |    <0.001 |       63 |     17400 |            0.36 |
|   Others                 |     0.000 |      343 |       --- |             --- |
|   LUT as Distributed RAM |     0.000 |       60 |     17400 |            0.34 |
| Signals                  |     0.007 |     3585 |       --- |             --- |
| Block RAM                |     0.004 |        4 |       140 |            2.86 |
| I/O                      |     0.087 |       68 |       200 |           34.00 |
| PS7                      |     1.532 |        1 |       --- |             --- |
| Static Power             |     0.148 |          |           |                 |
| Total                    |     1.789 |          |           |                 |
+--------------------------+-----------+----------+-----------+-----------------+


1.2 Power Supply Summary
------------------------

+-----------+-------------+-----------+-------------+------------+
| Source    | Voltage (V) | Total (A) | Dynamic (A) | Static (A) |
+-----------+-------------+-----------+-------------+------------+
| Vccint    |       1.000 |     0.038 |       0.023 |      0.016 |
| Vccaux    |       1.800 |     0.019 |       0.003 |      0.016 |
| Vcco33    |       3.300 |     0.025 |       0.024 |      0.001 |
| Vcco25    |       2.500 |     0.000 |       0.000 |      0.000 |
| Vcco18    |       1.800 |     0.000 |       0.000 |      0.000 |
| Vcco15    |       1.500 |     0.000 |       0.000 |      0.000 |
| Vcco135   |       1.350 |     0.000 |       0.000 |      0.000 |
| Vcco12    |       1.200 |     0.000 |       0.000 |      0.000 |
| Vccaux_io |       1.800 |     0.000 |       0.000 |      0.000 |
| Vccbram   |       1.000 |     0.001 |       0.000 |      0.001 |
| MGTAVcc   |       1.000 |     0.000 |       0.000 |      0.000 |
| MGTAVtt   |       1.200 |     0.000 |       0.000 |      0.000 |
| MGTVccaux |       1.800 |     0.000 |       0.000 |      0.000 |
| Vccpint   |       1.000 |     0.755 |       0.723 |      0.031 |
| Vccpaux   |       1.800 |     0.061 |       0.050 |      0.010 |
| Vccpll    |       1.800 |     0.018 |       0.015 |      0.003 |
| Vcco_ddr  |       1.500 |     0.459 |       0.457 |      0.002 |
| Vcco_mio0 |       3.300 |     0.003 |       0.002 |      0.001 |
| Vcco_mio1 |       1.800 |     0.001 |       0.000 |      0.001 |
| Vccadc    |       1.800 |     0.020 |       0.000 |      0.020 |
+-----------+-------------+-----------+-------------+------------+


1.3 Confidence Level
--------------------

+-----------------------------+------------+--------------------------------------------------------+------------------------------------------------------------------------------------------------------------+
| User Input Data             | Confidence | Details                                                | Action                                                                                                     |
+-----------------------------+------------+--------------------------------------------------------+------------------------------------------------------------------------------------------------------------+
| Design implementation state | High       | Design is routed                                       |                                                                                                            |
| Clock nodes activity        | High       | User specified more than 95% of clocks                 |                                                                                                            |
| I/O nodes activity          | Low        | More than 75% of inputs are missing user specification | Provide missing input activity with simulation results or by editing the "By Resource Type -> I/Os" view   |
| Internal nodes activity     | Medium     | User specified less than 25% of internal nodes         | Provide missing internal nodes activity with simulation results or by editing the "By Resource Type" views |
| Device models               | High       | Device models are Production                           |                                                                                                            |
|                             |            |                                                        |                                                                                                            |
| Overall confidence level    | Low        |                                                        |                                                                                                            |
+-----------------------------+------------+--------------------------------------------------------+------------------------------------------------------------------------------------------------------------+


2. Settings
-----------

2.1 Environment
---------------

+-----------------------+------------------------+
| Ambient Temp (C)      | 25.0                   |
| ThetaJA (C/W)         | 11.5                   |
| Airflow (LFM)         | 250                    |
| Heat Sink             | none                   |
| ThetaSA (C/W)         | 0.0                    |
| Board Selection       | medium (10"x10")       |
| # of Board Layers     | 8to11 (8 to 11 Layers) |
| Board Temperature (C) | 25.0                   |
+-----------------------+------------------------+


2.2 Clock Constraints
---------------------

+------------+-------------------------------------------------------------+-----------------+
| Clock      | Domain                                                      | Constraint (ns) |
+------------+-------------------------------------------------------------+-----------------+
| clk_fpga_0 | design_5_i/processing_system7_0/inst/FCLK_CLK_unbuffered[0] |            10.0 |
+------------+-------------------------------------------------------------+-----------------+


3. Detailed Reports
-------------------

3.1 By Hierarchy
----------------

+--------------------------------------------------------------------------------------+-----------+
| Name                                                                                 | Power (W) |
+--------------------------------------------------------------------------------------+-----------+
| design_5_wrapper                                                                     |     1.642 |
|   design_5_i                                                                         |     1.554 |
|     axi_fifo_mm_s_0                                                                  |     0.005 |
|       U0                                                                             |     0.005 |
|         COMP_IPIC2AXI_S                                                              |     0.004 |
|           grxd.COMP_RX_FIFO                                                          |     0.001 |
|             gfifo_gen.COMP_AXIS_FG_FIFO                                              |     0.001 |
|               COMP_FIFO                                                              |     0.001 |
|                 inst_fifo_gen                                                        |     0.001 |
|                   gaxis_fifo.gaxisf.axisf                                            |     0.001 |
|                     grf.rf                                                           |     0.001 |
|                       gntv_or_sync_fifo.gl0.rd                                       |    <0.001 |
|                         gr1.gdcf.dc                                                  |    <0.001 |
|                           dc                                                         |    <0.001 |
|                         gr1.gr1_int.rfwft                                            |    <0.001 |
|                         grss.gpe.rdpe                                                |    <0.001 |
|                         grss.rsts                                                    |    <0.001 |
|                           c1                                                         |    <0.001 |
|                           c2                                                         |    <0.001 |
|                         rpntr                                                        |    <0.001 |
|                       gntv_or_sync_fifo.gl0.wr                                       |    <0.001 |
|                         gwss.gpf.wrpf                                                |    <0.001 |
|                         gwss.wsts                                                    |    <0.001 |
|                           c0                                                         |    <0.001 |
|                           c1                                                         |     0.000 |
|                         wpntr                                                        |    <0.001 |
|                       gntv_or_sync_fifo.mem                                          |    <0.001 |
|                         gbm.gbmg.gbmga.ngecc.bmg                                     |    <0.001 |
|                           inst_blk_mem_gen                                           |    <0.001 |
|                             gnbram.gnativebmg.native_blk_mem_gen                     |    <0.001 |
|                               valid.cstr                                             |    <0.001 |
|                                 ramloop[0].ram.r                                     |    <0.001 |
|                                   prim_noinit.ram                                    |    <0.001 |
|                       rstblk                                                         |    <0.001 |
|                         ngwrdrst.grst.g7serrst.gsckt_wrst.xpm_cdc_sync_rst_inst_wrst |    <0.001 |
|           grxd.COMP_rx_len_fifo                                                      |    <0.001 |
|             legacy_fifo_instance.FAMILY_SUPPORTED.I_SYNC_FIFO_BRAM                   |    <0.001 |
|               inst_fifo_gen                                                          |    <0.001 |
|                 gconvfifo.rf                                                         |    <0.001 |
|                   grf.rf                                                             |    <0.001 |
|                     gntv_or_sync_fifo.gl0.rd                                         |    <0.001 |
|                       gr1.gr1_int.rfwft                                              |    <0.001 |
|                       grss.rsts                                                      |    <0.001 |
|                       rpntr                                                          |    <0.001 |
|                     gntv_or_sync_fifo.gl0.wr                                         |    <0.001 |
|                       gwss.wsts                                                      |    <0.001 |
|                       wpntr                                                          |    <0.001 |
|                     gntv_or_sync_fifo.mem                                            |    <0.001 |
|                       gdm.dm_gen.dm                                                  |    <0.001 |
|                         RAM_reg_0_63_0_2                                             |    <0.001 |
|                         RAM_reg_0_63_12_14                                           |    <0.001 |
|                         RAM_reg_0_63_15_17                                           |    <0.001 |
|                         RAM_reg_0_63_18_20                                           |    <0.001 |
|                         RAM_reg_0_63_21_21                                           |    <0.001 |
|                         RAM_reg_0_63_3_5                                             |    <0.001 |
|                         RAM_reg_0_63_6_8                                             |    <0.001 |
|                         RAM_reg_0_63_9_11                                            |    <0.001 |
|                         RAM_reg_64_127_0_2                                           |    <0.001 |
|                         RAM_reg_64_127_12_14                                         |    <0.001 |
|                         RAM_reg_64_127_15_17                                         |    <0.001 |
|                         RAM_reg_64_127_18_20                                         |    <0.001 |
|                         RAM_reg_64_127_21_21                                         |    <0.001 |
|                         RAM_reg_64_127_3_5                                           |    <0.001 |
|                         RAM_reg_64_127_6_8                                           |    <0.001 |
|                         RAM_reg_64_127_9_11                                          |    <0.001 |
|           gtxd.COMP_TXD_FIFO                                                         |     0.002 |
|             gfifo_gen.COMP_AXIS_FG_FIFO                                              |     0.002 |
|               COMP_FIFO                                                              |     0.002 |
|                 inst_fifo_gen                                                        |     0.002 |
|                   gaxis_fifo.gaxisf.axisf                                            |     0.001 |
|                     grf.rf                                                           |     0.001 |
|                       gntv_or_sync_fifo.gl0.rd                                       |    <0.001 |
|                         gr1.gr1_int.rfwft                                            |    <0.001 |
|                         grss.gpe.rdpe                                                |    <0.001 |
|                         grss.rsts                                                    |    <0.001 |
|                           c1                                                         |    <0.001 |
|                           c2                                                         |    <0.001 |
|                         rpntr                                                        |    <0.001 |
|                       gntv_or_sync_fifo.gl0.wr                                       |    <0.001 |
|                         gwss.gpf.wrpf                                                |    <0.001 |
|                         gwss.wsts                                                    |    <0.001 |
|                           c0                                                         |    <0.001 |
|                           c1                                                         |    <0.001 |
|                           gaf.c2                                                     |    <0.001 |
|                         wpntr                                                        |    <0.001 |
|                       gntv_or_sync_fifo.mem                                          |    <0.001 |
|                         gbm.gbmg.gbmga.ngecc.bmg                                     |    <0.001 |
|                           inst_blk_mem_gen                                           |    <0.001 |
|                             gnbram.gnativebmg.native_blk_mem_gen                     |    <0.001 |
|                               valid.cstr                                             |    <0.001 |
|                                 ramloop[0].ram.r                                     |    <0.001 |
|                                   prim_noinit.ram                                    |    <0.001 |
|                       rstblk                                                         |    <0.001 |
|                         ngwrdrst.grst.g7serrst.gsckt_wrst.xpm_cdc_sync_rst_inst_wrst |    <0.001 |
|         COMP_IPIF                                                                    |    <0.001 |
|           I_SLAVE_ATTACHMENT                                                         |    <0.001 |
|             I_DECODER                                                                |    <0.001 |
|               MEM_DECODE_GEN[0].PER_CE_GEN[0].MULTIPLE_CES_THIS_CS_GEN.CE_I          |    <0.001 |
|               MEM_DECODE_GEN[0].PER_CE_GEN[10].MULTIPLE_CES_THIS_CS_GEN.CE_I         |    <0.001 |
|               MEM_DECODE_GEN[0].PER_CE_GEN[11].MULTIPLE_CES_THIS_CS_GEN.CE_I         |    <0.001 |
|               MEM_DECODE_GEN[0].PER_CE_GEN[12].MULTIPLE_CES_THIS_CS_GEN.CE_I         |    <0.001 |
|               MEM_DECODE_GEN[0].PER_CE_GEN[1].MULTIPLE_CES_THIS_CS_GEN.CE_I          |    <0.001 |
|               MEM_DECODE_GEN[0].PER_CE_GEN[2].MULTIPLE_CES_THIS_CS_GEN.CE_I          |    <0.001 |
|               MEM_DECODE_GEN[0].PER_CE_GEN[4].MULTIPLE_CES_THIS_CS_GEN.CE_I          |    <0.001 |
|               MEM_DECODE_GEN[0].PER_CE_GEN[5].MULTIPLE_CES_THIS_CS_GEN.CE_I          |    <0.001 |
|               MEM_DECODE_GEN[0].PER_CE_GEN[6].MULTIPLE_CES_THIS_CS_GEN.CE_I          |    <0.001 |
|               MEM_DECODE_GEN[0].PER_CE_GEN[7].MULTIPLE_CES_THIS_CS_GEN.CE_I          |    <0.001 |
|               MEM_DECODE_GEN[0].PER_CE_GEN[8].MULTIPLE_CES_THIS_CS_GEN.CE_I          |    <0.001 |
|               MEM_DECODE_GEN[0].PER_CE_GEN[9].MULTIPLE_CES_THIS_CS_GEN.CE_I          |    <0.001 |
|     axi_timer_0                                                                      |     0.003 |
|       U0                                                                             |     0.003 |
|         AXI4_LITE_I                                                                  |    <0.001 |
|           I_SLAVE_ATTACHMENT                                                         |    <0.001 |
|             I_DECODER                                                                |    <0.001 |
|               MEM_DECODE_GEN[0].PER_CE_GEN[0].MULTIPLE_CES_THIS_CS_GEN.CE_I          |     0.000 |
|               MEM_DECODE_GEN[0].PER_CE_GEN[2].MULTIPLE_CES_THIS_CS_GEN.CE_I          |     0.000 |
|               MEM_DECODE_GEN[0].PER_CE_GEN[4].MULTIPLE_CES_THIS_CS_GEN.CE_I          |     0.000 |
|               MEM_DECODE_GEN[0].PER_CE_GEN[5].MULTIPLE_CES_THIS_CS_GEN.CE_I          |     0.000 |
|               MEM_DECODE_GEN[0].PER_CE_GEN[6].MULTIPLE_CES_THIS_CS_GEN.CE_I          |     0.000 |
|               MEM_DECODE_GEN[0].PER_CE_GEN[7].MULTIPLE_CES_THIS_CS_GEN.CE_I          |     0.000 |
|         TC_CORE_I                                                                    |     0.003 |
|           COUNTER_0_I                                                                |     0.001 |
|             COUNTER_I                                                                |     0.001 |
|           GEN_SECOND_TIMER.COUNTER_1_I                                               |     0.001 |
|             COUNTER_I                                                                |     0.001 |
|           READ_MUX_I                                                                 |     0.000 |
|           TIMER_CONTROL_I                                                            |    <0.001 |
|             INPUT_DOUBLE_REGS                                                        |    <0.001 |
|             INPUT_DOUBLE_REGS2                                                       |    <0.001 |
|             INPUT_DOUBLE_REGS3                                                       |    <0.001 |
|     do_convolution_0                                                                 |     0.008 |
|       U0                                                                             |     0.008 |
|         line_buf_0_U                                                                 |     0.001 |
|           do_convolution_libkb_ram_U                                                 |     0.001 |
|         line_buf_1_U                                                                 |     0.002 |
|           do_convolution_libkb_ram_U                                                 |     0.002 |
|     processing_system7_0                                                             |     1.533 |
|       inst                                                                           |     1.533 |
|     ps7_0_axi_periph                                                                 |     0.005 |
|       s00_couplers                                                                   |     0.004 |
|         auto_pc                                                                      |     0.004 |
|           inst                                                                       |     0.004 |
|             gen_axilite.gen_b2s_conv.axilite_b2s                                     |     0.004 |
|               RD.ar_channel_0                                                        |    <0.001 |
|                 ar_cmd_fsm_0                                                         |    <0.001 |
|                 cmd_translator_0                                                     |    <0.001 |
|                   incr_cmd_0                                                         |    <0.001 |
|                   wrap_cmd_0                                                         |    <0.001 |
|               RD.r_channel_0                                                         |     0.001 |
|                 rd_data_fifo_0                                                       |    <0.001 |
|                 transaction_fifo_0                                                   |    <0.001 |
|               SI_REG                                                                 |     0.001 |
|                 ar.ar_pipe                                                           |    <0.001 |
|                 aw.aw_pipe                                                           |    <0.001 |
|                 b.b_pipe                                                             |    <0.001 |
|                 r.r_pipe                                                             |    <0.001 |
|               WR.aw_channel_0                                                        |    <0.001 |
|                 aw_cmd_fsm_0                                                         |    <0.001 |
|                 cmd_translator_0                                                     |    <0.001 |
|                   incr_cmd_0                                                         |    <0.001 |
|                   wrap_cmd_0                                                         |    <0.001 |
|               WR.b_channel_0                                                         |    <0.001 |
|                 bid_fifo_0                                                           |    <0.001 |
|                 bresp_fifo_0                                                         |    <0.001 |
|       xbar                                                                           |    <0.001 |
|         inst                                                                         |    <0.001 |
|           gen_sasd.crossbar_sasd_0                                                   |    <0.001 |
|             addr_arbiter_inst                                                        |    <0.001 |
|             gen_decerr.decerr_slave_inst                                             |    <0.001 |
|             reg_slice_r                                                              |    <0.001 |
|             splitter_ar                                                              |    <0.001 |
|             splitter_aw                                                              |    <0.001 |
|     rst_ps7_0_100M                                                                   |    <0.001 |
|       U0                                                                             |    <0.001 |
|         EXT_LPF                                                                      |    <0.001 |
|           ACTIVE_LOW_AUX.ACT_LO_AUX                                                  |    <0.001 |
|           ACTIVE_LOW_EXT.ACT_LO_EXT                                                  |    <0.001 |
|         SEQ                                                                          |    <0.001 |
|           SEQ_COUNTER                                                                |    <0.001 |
+--------------------------------------------------------------------------------------+-----------+


