#-----------------------------------------------------------
# Vivado v2018.1 (64-bit)
# SW Build 2188600 on Wed Apr  4 18:40:38 MDT 2018
# IP Build 2185939 on Wed Apr  4 20:55:05 MDT 2018
# Start of session at: Tue Dec 17 01:49:00 2024
# Process ID: 18752
# Current directory: D:/Vivado/final_conv2d/final_conv2d/project_1
# Command line: vivado.exe -gui_launcher_event rodinguilauncherevent17288 D:\Vivado\final_conv2d\final_conv2d\project_1\project_1.xpr
# Log file: D:/Vivado/final_conv2d/final_conv2d/project_1/vivado.log
# Journal file: D:/Vivado/final_conv2d/final_conv2d/project_1\vivado.jou
#-----------------------------------------------------------
start_gui
open_project D:/Vivado/final_conv2d/final_conv2d/project_1/project_1.xpr
Scanning sources...
Finished scanning sources
INFO: [IP_Flow 19-234] Refreshing IP repositories
INFO: [IP_Flow 19-1700] Loaded user IP repository 'd:/Vivado/final_conv2d/final_conv2d/solution3/impl/ip'.
INFO: [IP_Flow 19-2313] Loaded Vivado IP repository 'D:/Vivado/2018.1/data/ip'.
open_project: Time (s): cpu = 00:00:08 ; elapsed = 00:00:06 . Memory (MB): peak = 838.406 ; gain = 105.746
update_compile_order -fileset sources_1
open_bd_design {D:/Vivado/final_conv2d/final_conv2d/project_1/project_1.srcs/sources_1/bd/design_1/design_1.bd}
Successfully read diagram <design_1> from BD file <D:/Vivado/final_conv2d/final_conv2d/project_1/project_1.srcs/sources_1/bd/design_1/design_1.bd>
open_bd_design: Time (s): cpu = 00:00:07 ; elapsed = 00:00:05 . Memory (MB): peak = 933.422 ; gain = 76.547
exit
INFO: [Common 17-206] Exiting Vivado at Tue Dec 17 01:50:41 2024...
