==============================================================
File generated by Vivado(TM) HLS - High-Level Synthesis from C, C++ and SystemC
Version: 2018.1
Copyright (C) 1986-2018 Xilinx, Inc. All Rights Reserved.

==============================================================

INFO: [SYN 201-201] Setting up clock 'default' with a period of 10ns.
INFO: [HLS 200-10] Setting target device to 'xc7z020clg484-1'
INFO: [HLS 200-10] Analyzing design file 'final_conv2d/conv_v1/conv_v1.cpp' ...
INFO: [HLS 200-10] Validating synthesis directives ...
WARNING: [HLS 200-40] Directive 'RESOURCE' for core 'ROM_1P_LUTRAM' cannot be applied: Variable 'second_order_float::cos_K1' can not be recognized(UNKNOWN VARIABLE) in 'sincos_approximation'.
WARNING: [HLS 200-40] Directive 'RESOURCE' for core 'ROM_1P_LUTRAM' cannot be applied: Variable 'first_order_fixed_16::sin_cos_K1' can not be recognized(UNKNOWN VARIABLE) in 'sin_or_cos_approximation'.
WARNING: [HLS 200-40] Directive 'RESOURCE' for core 'ROM_1P_LUTRAM' cannot be applied: Variable 'fourth_order_double::cos_K2' can not be recognized(UNKNOWN VARIABLE) in 'sincos_approximation'.
WARNING: [HLS 200-40] Directive 'RESOURCE' for core 'ROM_1P_LUTRAM' cannot be applied: Variable 'fourth_order_double::sin_cos_K1' can not be recognized(UNKNOWN VARIABLE) in 'sin_or_cos_approximation'.
WARNING: [HLS 200-40] Directive 'RESOURCE' for core 'ROM_1P_LUTRAM' cannot be applied: Variable 'fourth_order_double::cos_K4' can not be recognized(UNKNOWN VARIABLE) in 'sincos_approximation'.
WARNING: [HLS 200-40] Directive 'RESOURCE' for core 'ROM_1P_LUTRAM' cannot be applied: Variable 'first_order_fixed_16::sin_cos_K0' can not be recognized(UNKNOWN VARIABLE) in 'sin_or_cos_approximation'.
WARNING: [HLS 200-40] Directive 'RESOURCE' for core 'ROM_1P_LUTRAM' cannot be applied: Variable 'second_order_float::sin_K1' can not be recognized(UNKNOWN VARIABLE) in 'sincos_approximation'.
WARNING: [HLS 200-40] Directive 'RESOURCE' for core 'ROM_1P_LUTRAM' cannot be applied: Variable 'fourth_order_double::sin_K4' can not be recognized(UNKNOWN VARIABLE) in 'sincos_approximation'.
WARNING: [HLS 200-40] Directive 'RESOURCE' for core 'ROM_1P_LUTRAM' cannot be applied: Variable 'fourth_order_double::sin_K3' can not be recognized(UNKNOWN VARIABLE) in 'sincos_approximation'.
WARNING: [HLS 200-40] Directive 'RESOURCE' for core 'ROM_1P_LUTRAM' cannot be applied: Variable 'fourth_order_double::cos_K0' can not be recognized(UNKNOWN VARIABLE) in 'sincos_approximation'.
WARNING: [HLS 200-40] Directive 'RESOURCE' for core 'ROM_1P_LUTRAM' cannot be applied: Variable 'fourth_order_double::sin_cos_K3' can not be recognized(UNKNOWN VARIABLE) in 'sin_or_cos_approximation'.
WARNING: [HLS 200-40] Directive 'RESOURCE' for core 'ROM_1P_LUTRAM' cannot be applied: Variable 'fourth_order_double::cos_K3' can not be recognized(UNKNOWN VARIABLE) in 'sincos_approximation'.
WARNING: [HLS 200-40] Directive 'RESOURCE' for core 'ROM_1P_LUTRAM' cannot be applied: Variable 'fourth_order_double::sin_K1' can not be recognized(UNKNOWN VARIABLE) in 'sincos_approximation'.
WARNING: [HLS 200-40] Directive 'RESOURCE' for core 'ROM_1P_LUTRAM' cannot be applied: Variable 'fourth_order_double::sin_cos_K2' can not be recognized(UNKNOWN VARIABLE) in 'sin_or_cos_approximation'.
WARNING: [HLS 200-40] Directive 'RESOURCE' for core 'ROM_1P_LUTRAM' cannot be applied: Variable 'second_order_float::cos_K2' can not be recognized(UNKNOWN VARIABLE) in 'sincos_approximation'.
WARNING: [HLS 200-40] Directive 'RESOURCE' for core 'ROM_1P_LUTRAM' cannot be applied: Variable 'fourth_order_double::cos_K1' can not be recognized(UNKNOWN VARIABLE) in 'sincos_approximation'.
WARNING: [HLS 200-40] Directive 'RESOURCE' for core 'ROM_1P_LUTRAM' cannot be applied: Variable 'fourth_order_double::sin_K0' can not be recognized(UNKNOWN VARIABLE) in 'sincos_approximation'.
WARNING: [HLS 200-40] Directive 'RESOURCE' for core 'ROM_1P_LUTRAM' cannot be applied: Variable 'second_order_float::sin_K2' can not be recognized(UNKNOWN VARIABLE) in 'sincos_approximation'.
WARNING: [HLS 200-40] Directive 'RESOURCE' for core 'ROM_1P_LUTRAM' cannot be applied: Variable 'second_order_float::sin_K0' can not be recognized(UNKNOWN VARIABLE) in 'sincos_approximation'.
WARNING: [HLS 200-40] Directive 'RESOURCE' for core 'ROM_1P_LUTRAM' cannot be applied: Variable 'second_order_float::sin_cos_K1' can not be recognized(UNKNOWN VARIABLE) in 'sin_or_cos_approximation'.
WARNING: [HLS 200-40] Directive 'RESOURCE' for core 'ROM_1P_LUTRAM' cannot be applied: Variable 'second_order_float::sin_cos_K2' can not be recognized(UNKNOWN VARIABLE) in 'sin_or_cos_approximation'.
WARNING: [HLS 200-40] Directive 'RESOURCE' for core 'ROM_1P_LUTRAM' cannot be applied: Variable 'fourth_order_double::sin_cos_K0' can not be recognized(UNKNOWN VARIABLE) in 'sin_or_cos_approximation'.
WARNING: [HLS 200-40] Directive 'RESOURCE' for core 'ROM_1P_LUTRAM' cannot be applied: Variable 'fourth_order_double::sin_K2' can not be recognized(UNKNOWN VARIABLE) in 'sincos_approximation'.
WARNING: [HLS 200-40] Directive 'RESOURCE' for core 'ROM_1P_LUTRAM' cannot be applied: Variable 'second_order_float::sin_cos_K0' can not be recognized(UNKNOWN VARIABLE) in 'sin_or_cos_approximation'.
WARNING: [HLS 200-40] Directive 'RESOURCE' for core 'ROM_1P_LUTRAM' cannot be applied: Variable 'second_order_float::cos_K0' can not be recognized(UNKNOWN VARIABLE) in 'sincos_approximation'.
WARNING: [HLS 200-40] Directive 'RESOURCE' for core 'ROM_1P_LUTRAM' cannot be applied: Variable 'fourth_order_double::sin_cos_K4' can not be recognized(UNKNOWN VARIABLE) in 'sin_or_cos_approximation'.
INFO: [HLS 200-111] Finished Checking Pragmas Time (s): cpu = 00:00:02 ; elapsed = 00:00:21 . Memory (MB): peak = 101.570 ; gain = 44.961
INFO: [HLS 200-111] Finished Linking Time (s): cpu = 00:00:02 ; elapsed = 00:00:24 . Memory (MB): peak = 101.590 ; gain = 44.980
INFO: [HLS 200-10] Starting code transformations ...
INFO: [HLS 200-111] Finished Standard Transforms Time (s): cpu = 00:00:02 ; elapsed = 00:00:25 . Memory (MB): peak = 118.016 ; gain = 61.406
INFO: [HLS 200-10] Checking synthesizability ...
INFO: [XFORM 203-602] Inlining function 'bounds_ok' into 'sumWindow' (final_conv2d/conv_v1/conv_v1.cpp:17) automatically.
INFO: [XFORM 203-602] Inlining function 'bounds_ok' into 'do_convolution' (final_conv2d/conv_v1/conv_v1.cpp:42) automatically.
INFO: [HLS 200-111] Finished Checking Synthesizability Time (s): cpu = 00:00:03 ; elapsed = 00:00:25 . Memory (MB): peak = 127.625 ; gain = 71.016
INFO: [XFORM 203-502] Unrolling all sub-loops inside loop 'for_x' (final_conv2d/conv_v1/conv_v1.cpp:36) in function 'do_convolution' for pipelining.
INFO: [XFORM 203-502] Unrolling all loops for pipelining in function 'sumWindow' (final_conv2d/conv_v1/conv_v1.cpp:10).
INFO: [XFORM 203-501] Unrolling loop 'load_i' (final_conv2d/conv_v1/conv_v1.cpp:41) in function 'do_convolution' completely.
INFO: [XFORM 203-501] Unrolling loop 'load_j' (final_conv2d/conv_v1/conv_v1.cpp:42) in function 'do_convolution' completely.
INFO: [XFORM 203-501] Unrolling loop 'win_i' (final_conv2d/conv_v1/conv_v1.cpp:16) in function 'sumWindow' completely.
INFO: [XFORM 203-501] Unrolling loop 'win_j' (final_conv2d/conv_v1/conv_v1.cpp:17) in function 'sumWindow' completely.
INFO: [XFORM 203-101] Partitioning array 'window' (final_conv2d/conv_v1/conv_v1.cpp:28) in dimension 1 completely.
INFO: [XFORM 203-102] Automatically partitioning small array 'window.0' (final_conv2d/conv_v1/conv_v1.cpp:28) completely based on array size.
INFO: [XFORM 203-102] Automatically partitioning small array 'window.1' (final_conv2d/conv_v1/conv_v1.cpp:28) completely based on array size.
INFO: [XFORM 203-102] Automatically partitioning small array 'window.2' (final_conv2d/conv_v1/conv_v1.cpp:28) completely based on array size.
INFO: [XFORM 203-101] Partitioning array 'window.0' (final_conv2d/conv_v1/conv_v1.cpp:28) in dimension 1 completely.
INFO: [XFORM 203-101] Partitioning array 'window.1' (final_conv2d/conv_v1/conv_v1.cpp:28) in dimension 1 completely.
INFO: [XFORM 203-101] Partitioning array 'window.2' (final_conv2d/conv_v1/conv_v1.cpp:28) in dimension 1 completely.
INFO: [XFORM 203-602] Inlining function 'bounds_ok' into 'sumWindow' (final_conv2d/conv_v1/conv_v1.cpp:17) automatically.
INFO: [XFORM 203-602] Inlining function 'bounds_ok' into 'do_convolution' (final_conv2d/conv_v1/conv_v1.cpp:42) automatically.
INFO: [XFORM 203-401] Performing if-conversion on hyperblock to (final_conv2d/conv_v1/conv_v1.cpp:20:3) in function 'sumWindow'... converting 19 basic blocks.
INFO: [XFORM 203-401] Performing if-conversion on hyperblock from (final_conv2d/conv_v1/conv_v1.cpp:36:6) to (final_conv2d/conv_v1/conv_v1.cpp:35:36) in function 'do_convolution'... converting 19 basic blocks.
INFO: [XFORM 203-602] Inlining function 'sumWindow' into 'do_convolution' (final_conv2d/conv_v1/conv_v1.cpp:46) automatically.
INFO: [HLS 200-111] Finished Pre-synthesis Time (s): cpu = 00:00:03 ; elapsed = 00:00:25 . Memory (MB): peak = 160.508 ; gain = 103.898
INFO: [XFORM 203-541] Flattening a loop nest 'for_y' (final_conv2d/conv_v1/conv_v1.cpp:33:4) in function 'do_convolution'.
INFO: [HLS 200-111] Finished Architecture Synthesis Time (s): cpu = 00:00:03 ; elapsed = 00:00:26 . Memory (MB): peak = 162.996 ; gain = 106.387
INFO: [HLS 200-10] Starting hardware synthesis ...
INFO: [HLS 200-10] Synthesizing 'do_convolution' ...
INFO: [HLS 200-10] ----------------------------------------------------------------
INFO: [HLS 200-42] -- Implementing module 'do_convolution'
INFO: [HLS 200-10] ----------------------------------------------------------------
INFO: [SCHED 204-11] Starting scheduling ...
INFO: [SCHED 204-61] Pipelining loop 'for_y_for_x'.
WARNING: [SCHED 204-69] Unable to schedule 'load' operation ('window[0][2]', final_conv2d/conv_v1/conv_v1.cpp:43) on array 'data_in' due to limited memory ports. Please consider using a memory core with more ports or partitioning the array 'data_in'.
INFO: [SCHED 204-61] Pipelining result : Target II = 1, Final II = 5, Depth = 8.
INFO: [SCHED 204-11] Finished scheduling.
INFO: [HLS 200-111]  Elapsed time: 25.915 seconds; current allocated memory: 111.245 MB.
INFO: [BIND 205-100] Starting micro-architecture generation ...
INFO: [BIND 205-101] Performing variable lifetime analysis.
INFO: [BIND 205-101] Exploring resource sharing.
INFO: [BIND 205-101] Binding ...
INFO: [BIND 205-100] Finished micro-architecture generation.
INFO: [HLS 200-111]  Elapsed time: 0.16 seconds; current allocated memory: 111.856 MB.
INFO: [HLS 200-10] ----------------------------------------------------------------
INFO: [HLS 200-10] -- Generating RTL for module 'do_convolution'
INFO: [HLS 200-10] ----------------------------------------------------------------
INFO: [RTGEN 206-500] Setting interface mode on port 'do_convolution/data_out' to 'ap_memory'.
INFO: [RTGEN 206-500] Setting interface mode on port 'do_convolution/data_in' to 'ap_memory'.
INFO: [RTGEN 206-500] Setting interface mode on port 'do_convolution/kernel' to 'ap_memory'.
INFO: [RTGEN 206-500] Setting interface mode on function 'do_convolution' to 'ap_ctrl_hs'.
INFO: [RTGEN 206-100] Finished creating RTL model for 'do_convolution'.
INFO: [HLS 200-111]  Elapsed time: 0.25 seconds; current allocated memory: 112.941 MB.
INFO: [HLS 200-111] Finished generating all RTL models Time (s): cpu = 00:00:04 ; elapsed = 00:00:28 . Memory (MB): peak = 166.629 ; gain = 110.020
INFO: [SYSC 207-301] Generating SystemC RTL for do_convolution.
INFO: [VHDL 208-304] Generating VHDL RTL for do_convolution.
INFO: [VLOG 209-307] Generating Verilog RTL for do_convolution.
INFO: [HLS 200-112] Total elapsed time: 27.627 seconds; peak allocated memory: 112.941 MB.
