#-----------------------------------------------------------
# Vivado v2018.1 (64-bit)
# SW Build 2188600 on Wed Apr  4 18:40:38 MDT 2018
# IP Build 2185939 on Wed Apr  4 20:55:05 MDT 2018
# Start of session at: Wed Dec 18 16:21:49 2024
# Process ID: 3684
# Current directory: D:/Vivado/final_conv2d/solution3/sim/vhdl
# Command line: vivado.exe -source open_wave.tcl
# Log file: D:/Vivado/final_conv2d/solution3/sim/vhdl/vivado.log
# Journal file: D:/Vivado/final_conv2d/solution3/sim/vhdl\vivado.jou
#-----------------------------------------------------------
start_gui
source open_wave.tcl
# current_fileset
INFO: [IP_Flow 19-234] Refreshing IP repositories
INFO: [IP_Flow 19-1704] No user IP repositories specified
INFO: [IP_Flow 19-2313] Loaded Vivado IP repository 'D:/Vivado/2018.1/data/ip'.
current_fileset: Time (s): cpu = 00:00:08 ; elapsed = 00:00:08 . Memory (MB): peak = 831.406 ; gain = 105.512
# open_wave_database do_convolution.wdb
open_wave_config D:/Vivado/final_conv2d/solution3/sim/vhdl/do_convolution.wcfg
save_wave_config {D:/Vivado/final_conv2d/solution3/sim/vhdl/do_convolution.wcfg}
save_wave_config {D:/Vivado/final_conv2d/solution3/sim/vhdl/do_convolution.wcfg}
save_wave_config {D:/Vivado/final_conv2d/solution3/sim/vhdl/do_convolution.wcfg}
close_sim
INFO: [Simtcl 6-16] Simulation closed
exit
INFO: [Common 17-206] Exiting Vivado at Wed Dec 18 17:59:29 2024...
